#
# A fatal error has been detected by the Java Runtime Environment:
#
#  SIGSEGV (0xb) at pc=0x000000010512231c, pid=1429, tid=25603
#
# JRE version: OpenJDK Runtime Environment (11.0.7+10) (build 11.0.7+10-b765.65)
# Java VM: OpenJDK 64-Bit Server VM (11.0.7+10-b765.65, mixed mode, tiered, compressed oops, g1 gc, bsd-amd64)
# Problematic frame:
# V  [libjvm.dylib+0x32231c]  _ZN20G1ParScanThreadState22copy_to_survivor_spaceE11InCSetStateP7oopDescP11markOopDesc+0x44
#
# No core dump will be written. Core dumps have been disabled. To enable core dumping, try "ulimit -c unlimited" before starting Java again
#
# If you would like to submit a bug report, please visit:
#   http://bugreport.java.com/bugreport/crash.jsp
#

---------------  S U M M A R Y ------------

Command Line: /Users/feriel/Library/Application Support/JetBrains/IdeaIC2020.1/plugins/idea-spring-tools/lib/server/language-server.jar

Host: MacBookPro9,2 x86_64 2500 MHz, 4 cores, 6G, Darwin 18.0.0
Time: Sun Dec 27 16:21:36 2020 CET elapsed time: 145 seconds (0d 0h 2m 25s)

---------------  T H R E A D  ---------------

Current thread (0x00007fd65f0e6000):  GCTaskThread "GC Thread#1" [stack: 0x00007000089d5000,0x0000700008ad5000] [id=25603]

Stack: [0x00007000089d5000,0x0000700008ad5000],  sp=0x0000700008ad4c80,  free space=1023k
Native frames: (J=compiled Java code, A=aot compiled Java code, j=interpreted, Vv=VM code, C=native code)
V  [libjvm.dylib+0x32231c]  _ZN20G1ParScanThreadState22copy_to_survivor_spaceE11InCSetStateP7oopDescP11markOopDesc+0x44
V  [libjvm.dylib+0x2f9073]  _ZN20G1ParScanThreadState11do_oop_evacIjEEvPT_+0xc3
V  [libjvm.dylib+0x2f77a6]  _ZN29G1ParEvacuateFollowersClosure7do_voidEv+0x5c
V  [libjvm.dylib+0x2fa4f3]  _ZN9G1ParTask4workEj+0x133
V  [libjvm.dylib+0x770bb3]  _ZN10GangWorker4loopEv+0x43
V  [libjvm.dylib+0x6f0be4]  _ZN6Thread8call_runEv+0x68
V  [libjvm.dylib+0x5f66f3]  _ZL19thread_native_entryP6Thread+0x139
C  [libsystem_pthread.dylib+0x333d]  _pthread_body+0x7e
C  [libsystem_pthread.dylib+0x62a7]  _pthread_start+0x46
C  [libsystem_pthread.dylib+0x2425]  thread_start+0xd


siginfo: si_signo: 11 (SIGSEGV), si_code: 1 (SEGV_MAPERR), si_addr: 0x0000000879726f7c

Register to memory mapping:

RAX=0x0000000105716d10: _ZN8Universe13_narrow_klassE+0 in /Applications/IntelliJ IDEA CE.app/Contents/jbr/Contents/Home/lib/server/libjvm.dylib at 0x0000000104e00000
RBX=0x00007fd661517860 points into unknown readable memory: a0 dc 6c 05 01 00 00 00
RCX=0x69736f7065722f00 is an unknown value
RDX=0x00000007a3f63501 is pointing into object: [C 
{0x00000007a3f48030} - klass: {type array char}
 - length: 9044062
RSP=0x0000700008ad4c80 points into unknown readable memory: 38 00 00 00 00 00 00 00
RBP=0x0000700008ad4ce0 points into unknown readable memory: 10 4d ad 08 00 70 00 00
RSI=0x0000000000000001 is an unknown value
RDI=0x0000000879726f74 is an unknown value
R8 =0x0 is NULL
R9 =0x00000001060c9000 points into unknown readable memory: da 4e 21 a2 07 00 00 00
R10=0x000005f000000f81 is an unknown value
R11=0x0000000000001d6c is an unknown value
R12=0x00000007a3f61cc8 is pointing into object: [C 
{0x00000007a3f48030} - klass: {type array char}
 - length: 9044062
R13=0x00000007a3f63538 is pointing into object: [C 
{0x00000007a3f48030} - klass: {type array char}
 - length: 9044062
R14=0x0000000000000001 is an unknown value
R15=0x69736f7065722f32 is an unknown value


Registers:
RAX=0x0000000105716d10, RBX=0x00007fd661517860, RCX=0x69736f7065722f00, RDX=0x00000007a3f63501
RSP=0x0000700008ad4c80, RBP=0x0000700008ad4ce0, RSI=0x0000000000000001, RDI=0x0000000879726f74
R8 =0x0000000000000000, R9 =0x00000001060c9000, R10=0x000005f000000f81, R11=0x0000000000001d6c
R12=0x00000007a3f61cc8, R13=0x00000007a3f63538, R14=0x0000000000000001, R15=0x69736f7065722f32
RIP=0x000000010512231c, EFLAGS=0x0000000000010206, ERR=0x0000000000000004
  TRAPNO=0x000000000000000e

Top of Stack: (sp=0x0000700008ad4c80)
0x0000700008ad4c80:   0000000000000038 000000000001ffff
0x0000700008ad4c90:   0000700008ad4cd0 00000001050f8ea0
0x0000700008ad4ca0:   0000000000000008 0000000000000002
0x0000700008ad4cb0:   0000000000000002 00000007a3f63538
0x0000700008ad4cc0:   00000007a3f61cc8 00007fd65ef000e0
0x0000700008ad4cd0:   00007fd661517860 0000000105716d00
0x0000700008ad4ce0:   0000700008ad4d10 00000001050f9073
0x0000700008ad4cf0:   00007fd661517860 0000700008ad4d20
0x0000700008ad4d00:   0000700008ad4d68 00007fd6615179f8
0x0000700008ad4d10:   0000700008ad4d50 00000001050f77a6
0x0000700008ad4d20:   00000007a3f61cc9 0000700008ad4d68
0x0000700008ad4d30:   0000700007fb33f0 0000000000000000
0x0000700008ad4d40:   0000000000000002 00007fd661517860
0x0000700008ad4d50:   0000700008ad4e60 00000001050fa4f3
0x0000700008ad4d60:   0000700007fb3960 00000001056ccee0
0x0000700008ad4d70:   0000000000000000 0000000000000000
0x0000700008ad4d80:   0000000000000000 00007fd65f020200
0x0000700008ad4d90:   00007fd661517860 00007fd65ef000e0
0x0000700008ad4da0:   0000700007fb3428 00007fd65f0e6000
0x0000700008ad4db0:   00007fd65ec34130 00007fd65ec34230
0x0000700008ad4dc0:   00007fd65ec34240 00007fd65ec34318
0x0000700008ad4dd0:   00000000000000d8 00007fd65ec34170
0x0000700008ad4de0:   00007fd65ec33bd0 00007fd65ef40380
0x0000700008ad4df0:   00007fd65ef40390 00007fd65ef40768
0x0000700008ad4e00:   00000000000003d8 00007fd65ec126e0
0x0000700008ad4e10:   406221e9a027dbc5 406221b021bb0821
0x0000700008ad4e20:   406221b030d25ad6 000000010546b09a
0x0000700008ad4e30:   406221e99ff67763 0000700007fb33f0
0x0000700008ad4e40:   0000000000000002 0000000000000000
0x0000700008ad4e50:   0000700008ad4e78 00007fd65f0e6000
0x0000700008ad4e60:   0000700008ad4ea0 0000000105570bb3
0x0000700008ad4e70:   00007fd65f0e6000 00007fd6ffffffff 

Instructions: (pc=0x000000010512231c)
0x000000010512221c:   c6 06 02 eb 14 44 88 bb c8 01 00 00 31 c0 eb 09
0x000000010512222c:   8a 4d e7 88 8b c8 01 00 00 48 83 c4 08 5b 41 5e
0x000000010512223c:   41 5f 5d c3 55 48 89 e5 49 89 ca 48 8b 47 60 48
0x000000010512224c:   0f be ce 4c 8b 9c c8 10 01 00 00 4d 39 4b 28 76
0x000000010512225c:   04 31 c0 eb 07 4d 39 4b 40 0f 97 c0 48 8b 4f 08
0x000000010512226c:   48 8b b9 d8 04 00 00 48 8d 0d 07 89 61 00 80 39
0x000000010512227c:   00 74 16 4c 8d 0d 8a 4a 5f 00 41 8a 49 08 8b 52
0x000000010512228c:   08 48 d3 e2 49 03 11 eb 04 48 8b 52 08 84 c0 74
0x000000010512229c:   1f 31 c0 40 80 fe 02 0f 94 c0 4d 8b 4b 20 48 89
0x00000001051222ac:   d6 4c 89 d2 44 89 c1 41 89 c0 5d e9 60 b1 01 00
0x00000001051222bc:   31 c0 40 80 fe 02 0f 94 c0 48 89 d6 4c 89 d2 44
0x00000001051222cc:   89 c1 41 89 c0 5d e9 53 b1 01 00 90 55 48 89 e5
0x00000001051222dc:   41 57 41 56 41 55 41 54 53 48 83 ec 38 49 89 cf
0x00000001051222ec:   49 89 d5 41 89 f6 48 89 fb 48 8d 05 85 88 61 00
0x00000001051222fc:   8a 10 84 d2 74 16 48 8d 05 07 4a 5f 00 8a 48 08
0x000000010512230c:   41 8b 7d 08 48 d3 e7 48 03 38 eb 04 49 8b 7d 08
0x000000010512231c:   8b 47 08 85 c0 7e 09 a8 01 75 07 c1 e8 03 eb 46
0x000000010512232c:   78 0e 48 8b 07 4c 89 ee ff 90 10 01 00 00 eb 36
0x000000010512233c:   31 c9 84 d2 0f 94 c1 49 63 54 8d 0c 89 c1 48 d3
0x000000010512234c:   e2 c1 e8 10 0f b6 c8 48 01 d1 48 8d 05 77 26 5d
0x000000010512235c:   00 48 63 00 48 8d 4c 08 ff 48 ff c8 48 f7 d0 48
0x000000010512236c:   21 c8 48 c1 e8 03 48 8b 53 08 8a 8a c0 02 00 00
0x000000010512237c:   4c 89 ee 48 d3 ee 48 8b 8a b0 02 00 00 48 8b 0c
0x000000010512238c:   f1 48 63 89 40 01 00 00 48 89 4d a0 31 d2 41 80
0x000000010512239c:   fe 01 75 2a 41 f6 c7 01 4c 89 fa 75 0a 4c 89 f9
0x00000001051223ac:   48 83 e1 fd 48 8b 11 c1 ea 03 83 e2 0f 3b 93 6c
0x00000001051223bc:   01 00 00 73 09 c6 45 d0 01 41 b4 01 eb 36 49 0f
0x00000001051223cc:   be ce 44 8a a4 0b 68 01 00 00 44 88 65 d0 41 80
0x00000001051223dc:   fc 02 75 20 8a 8b c8 01 00 00 84 c9 74 16 48 89
0x00000001051223ec:   df 4c 89 ee 4c 89 fa e8 c0 03 00 00 49 89 c7 e9
0x00000001051223fc:   8a 03 00 00 4c 89 7d b8 44 89 75 b4 4c 63 c8 48
0x000000010512240c:   8b 43 60 49 0f be cc 4c 8b b4 c8 10 01 00 00 80 


Stack slot to memory mapping:
stack at sp + 0 slots: 0x0000000000000038 is an unknown value
stack at sp + 1 slots: 0x000000000001ffff is an unknown value
stack at sp + 2 slots: 0x0000700008ad4cd0 points into unknown readable memory: 60 78 51 61 d6 7f 00 00
stack at sp + 3 slots: 0x00000001050f8ea0: _ZN19GenericTaskQueueSetI17OverflowTaskQueueI8StarTaskL10MemoryType5ELj131072EELS2_5EE15steal_best_of_2EjPiRS1_+0x42 in /Applications/IntelliJ IDEA CE.app/Contents/jbr/Contents/Home/lib/server/libjvm.dylib at 0x0000000104e00000
stack at sp + 4 slots: 0x0000000000000008 is an unknown value
stack at sp + 5 slots: 0x0000000000000002 is an unknown value
stack at sp + 6 slots: 0x0000000000000002 is an unknown value
stack at sp + 7 slots: 0x00000007a3f63538 is pointing into object: [C 
{0x00000007a3f48030} - klass: {type array char}
 - length: 9044062


---------------  P R O C E S S  ---------------

Threads class SMR info:
_java_thread_list=0x00007fd6613552d0, length=19, elements={
0x00007fd660888800, 0x00007fd65f042800, 0x00007fd65f034800, 0x00007fd65f84f800,
0x00007fd660885800, 0x00007fd65f8b3800, 0x00007fd660828800, 0x00007fd65f8b6800,
0x00007fd66098e800, 0x00007fd65f8e3000, 0x00007fd660c89800, 0x00007fd660c90000,
0x00007fd660c45800, 0x00007fd65f017800, 0x00007fd660c88800, 0x00007fd65f1ed000,
0x00007fd65ff85800, 0x00007fd65fcd3000, 0x00007fd66186c000
}

Java Threads: ( => current thread )
  0x00007fd660888800 JavaThread "Reference Handler" daemon [_thread_blocked, id=17155, stack(0x0000700007fb7000,0x00007000080b7000)]
  0x00007fd65f042800 JavaThread "Finalizer" daemon [_thread_blocked, id=14083, stack(0x00007000080ba000,0x00007000081ba000)]
  0x00007fd65f034800 JavaThread "Signal Dispatcher" daemon [_thread_blocked, id=16131, stack(0x00007000081bd000,0x00007000082bd000)]
  0x00007fd65f84f800 JavaThread "C2 CompilerThread0" daemon [_thread_blocked, id=22019, stack(0x00007000082c0000,0x00007000083c0000)]
  0x00007fd660885800 JavaThread "C1 CompilerThread0" daemon [_thread_blocked, id=43011, stack(0x00007000083c3000,0x00007000084c3000)]
  0x00007fd65f8b3800 JavaThread "Sweeper thread" daemon [_thread_blocked, id=23299, stack(0x00007000084c6000,0x00007000085c6000)]
  0x00007fd660828800 JavaThread "Service Thread" daemon [_thread_blocked, id=23811, stack(0x00007000085c9000,0x00007000086c9000)]
  0x00007fd65f8b6800 JavaThread "Common-Cleaner" daemon [_thread_blocked, id=24579, stack(0x00007000087cf000,0x00007000088cf000)]
  0x00007fd66098e800 JavaThread "Attach Listener" daemon [_thread_blocked, id=26115, stack(0x0000700008bdb000,0x0000700008cdb000)]
  0x00007fd65f8e3000 JavaThread "ForkJoinPool.commonPool-worker-3" daemon [_thread_blocked, id=26887, stack(0x0000700008cde000,0x0000700008dde000)]
  0x00007fd660c89800 JavaThread "Simple-Language-Server main thread" daemon [_thread_blocked, id=41999, stack(0x00007000088d2000,0x00007000089d2000)]
  0x00007fd660c90000 JavaThread "LanguageServerApp-lifecycle" [_thread_blocked, id=27655, stack(0x0000700008fe7000,0x00007000090e7000)]
  0x00007fd660c45800 JavaThread "DestroyJavaVM" [_thread_blocked, id=7171, stack(0x00007000078a2000,0x00007000079a2000)]
  0x00007fd65f017800 JavaThread "pool-4-thread-1" [_thread_in_native, id=28163, stack(0x00007000090ea000,0x00007000091ea000)]
  0x00007fd660c88800 JavaThread "pool-5-thread-1" [_thread_blocked, id=39171, stack(0x00007000091ed000,0x00007000092ed000)]
  0x00007fd65f1ed000 JavaThread "parallel-1" daemon [_thread_blocked, id=37891, stack(0x00007000093f3000,0x00007000094f3000)]
  0x00007fd65ff85800 JavaThread "Reconciler-1" daemon [_thread_blocked, id=29187, stack(0x00007000094f6000,0x00007000095f6000)]
  0x00007fd65fcd3000 JavaThread "pool-2-thread-1" [_thread_blocked, id=37379, stack(0x00007000097ff000,0x00007000098ff000)]
  0x00007fd66186c000 JavaThread "elastic-evictor-1" daemon [_thread_blocked, id=37123, stack(0x0000700009902000,0x0000700009a02000)]

Other Threads:
  0x00007fd65f007800 VMThread "VM Thread" [stack: 0x0000700007eb4000,0x0000700007fb4000] [id=17667]
  0x00007fd65f05f000 WatcherThread [stack: 0x00007000086cc000,0x00007000087cc000] [id=42243]
  0x00007fd65f026800 GCTaskThread "GC Thread#0" [stack: 0x00007000079a5000,0x0000700007aa5000] [id=19971]
=>0x00007fd65f0e6000 GCTaskThread "GC Thread#1" [stack: 0x00007000089d5000,0x0000700008ad5000] [id=25603]
  0x00007fd65f275800 GCTaskThread "GC Thread#2" [stack: 0x00007000095f9000,0x00007000096f9000] [id=29699]
  0x00007fd662184800 GCTaskThread "GC Thread#3" [stack: 0x00007000096fc000,0x00007000097fc000] [id=30211]
  0x00007fd660826000 ConcurrentGCThread "G1 Main Marker" [stack: 0x0000700007aa8000,0x0000700007ba8000] [id=19715]
  0x00007fd65f027000 ConcurrentGCThread "G1 Conc#0" [stack: 0x0000700007bab000,0x0000700007cab000] [id=18691]
  0x00007fd65f841800 ConcurrentGCThread "G1 Refine#0" [stack: 0x0000700007cae000,0x0000700007dae000] [id=18179]
  0x00007fd65f946800 ConcurrentGCThread "G1 Refine#1" [stack: 0x0000700008ad8000,0x0000700008bd8000] [id=41475]
  0x00007fd65f842000 ConcurrentGCThread "G1 Young RemSet Sampling" [stack: 0x0000700007db1000,0x0000700007eb1000] [id=12291]

Threads with active compile tasks:
C1 CompilerThread0 145079 4426       3       java.util.TreeMap::getEntry (84 bytes)

VM state:at safepoint (normal execution)

VM Mutex/Monitor currently owned by a thread:  ([mutex/lock_event])
[0x00007fd65ec0aa30] Threads_lock - owner thread: 0x00007fd65f007800
[0x00007fd65ec0b130] Heap_lock - owner thread: 0x00007fd660c88800

Heap address: 0x00000007a0000000, size: 1536 MB, Compressed Oops mode: Zero based, Oop shift amount: 3
Narrow klass base: 0x0000000800000000, Narrow klass shift: 0
Compressed class space size: 1073741824 Address: 0x0000000800000000

Heap:
 garbage-first heap   total 118784K, used 86777K [0x00000007a0000000, 0x0000000800000000)
  region size 1024K, 64 young (65536K), 3 survivors (3072K)
 Metaspace       used 41906K, capacity 43056K, committed 43392K, reserved 1087488K
  class space    used 4706K, capacity 5169K, committed 5248K, reserved 1048576K
Heap Regions: E=young(eden), S=young(survivor), O=old, HS=humongous(starts), HC=humongous(continues), CS=collection set, F=free, A=archive, TAMS=top-at-mark-start (previous, next)
|   0|0x00000007a0000000, 0x00000007a0100000, 0x00000007a0100000|100%| O|  |TAMS 0x00000007a0100000, 0x00000007a0000000| Untracked 
|   1|0x00000007a0100000, 0x00000007a0200000, 0x00000007a0200000|100%| O|  |TAMS 0x00000007a0200000, 0x00000007a0100000| Untracked 
|   2|0x00000007a0200000, 0x00000007a0300000, 0x00000007a0300000|100%| O|  |TAMS 0x00000007a0300000, 0x00000007a0200000| Untracked 
|   3|0x00000007a0300000, 0x00000007a0400000, 0x00000007a0400000|100%| O|  |TAMS 0x00000007a0400000, 0x00000007a0300000| Untracked 
|   4|0x00000007a0400000, 0x00000007a0500000, 0x00000007a0500000|100%| O|  |TAMS 0x00000007a0500000, 0x00000007a0400000| Untracked 
|   5|0x00000007a0500000, 0x00000007a0600000, 0x00000007a0600000|100%| O|  |TAMS 0x00000007a0600000, 0x00000007a0500000| Untracked 
|   6|0x00000007a0600000, 0x00000007a0700000, 0x00000007a0700000|100%|HS|  |TAMS 0x00000007a0700000, 0x00000007a0600000| Complete 
|   7|0x00000007a0700000, 0x00000007a0800000, 0x00000007a0800000|100%| O|  |TAMS 0x00000007a0700000, 0x00000007a0700000| Untracked 
|   8|0x00000007a0800000, 0x00000007a0900000, 0x00000007a0900000|100%| O|  |TAMS 0x00000007a0900000, 0x00000007a0800000| Untracked 
|   9|0x00000007a0900000, 0x00000007a0a00000, 0x00000007a0a00000|100%| O|  |TAMS 0x00000007a0a00000, 0x00000007a0900000| Untracked 
|  10|0x00000007a0a00000, 0x00000007a0b00000, 0x00000007a0b00000|100%| O|  |TAMS 0x00000007a0b00000, 0x00000007a0a00000| Untracked 
|  11|0x00000007a0b00000, 0x00000007a0c00000, 0x00000007a0c00000|100%| O|  |TAMS 0x00000007a0c00000, 0x00000007a0b00000| Untracked 
|  12|0x00000007a0c00000, 0x00000007a0d00000, 0x00000007a0d00000|100%| O|  |TAMS 0x00000007a0c24000, 0x00000007a0c00000| Untracked 
|  13|0x00000007a0d00000, 0x00000007a0e00000, 0x00000007a0e00000|100%| O|  |TAMS 0x00000007a0d00000, 0x00000007a0d00000| Untracked 
|  14|0x00000007a0e00000, 0x00000007a0f00000, 0x00000007a0f00000|100%| O|  |TAMS 0x00000007a0e00000, 0x00000007a0e00000| Untracked 
|  15|0x00000007a0f00000, 0x00000007a1000000, 0x00000007a1000000|100%| O|  |TAMS 0x00000007a0f00000, 0x00000007a0f00000| Untracked 
|  16|0x00000007a1000000, 0x00000007a1100000, 0x00000007a1100000|100%| O|  |TAMS 0x00000007a1000000, 0x00000007a1000000| Untracked 
|  17|0x00000007a1100000, 0x00000007a1200000, 0x00000007a1200000|100%| O|  |TAMS 0x00000007a1100000, 0x00000007a1100000| Untracked 
|  18|0x00000007a1200000, 0x00000007a1300000, 0x00000007a1300000|100%| O|  |TAMS 0x00000007a1200000, 0x00000007a1200000| Untracked 
|  19|0x00000007a1300000, 0x00000007a1400000, 0x00000007a1400000|100%| O|  |TAMS 0x00000007a1300000, 0x00000007a1300000| Untracked 
|  20|0x00000007a1400000, 0x00000007a1500000, 0x00000007a1500000|100%| O|  |TAMS 0x00000007a1400000, 0x00000007a1400000| Untracked 
|  21|0x00000007a1500000, 0x00000007a1500000, 0x00000007a1600000|  0%| F|  |TAMS 0x00000007a1500000, 0x00000007a1500000| Untracked 
|  22|0x00000007a1600000, 0x00000007a1600000, 0x00000007a1700000|  0%| F|  |TAMS 0x00000007a1600000, 0x00000007a1600000| Untracked 
|  23|0x00000007a1700000, 0x00000007a1700000, 0x00000007a1800000|  0%| F|  |TAMS 0x00000007a1700000, 0x00000007a1700000| Untracked 
|  24|0x00000007a1800000, 0x00000007a1800000, 0x00000007a1900000|  0%| F|  |TAMS 0x00000007a1800000, 0x00000007a1800000| Untracked 
|  25|0x00000007a1900000, 0x00000007a1900000, 0x00000007a1a00000|  0%| F|  |TAMS 0x00000007a1900000, 0x00000007a1900000| Untracked 
|  26|0x00000007a1a00000, 0x00000007a1a00000, 0x00000007a1b00000|  0%| F|  |TAMS 0x00000007a1a00000, 0x00000007a1a00000| Untracked 
|  27|0x00000007a1b00000, 0x00000007a1b00000, 0x00000007a1c00000|  0%| F|  |TAMS 0x00000007a1b00000, 0x00000007a1b00000| Untracked 
|  28|0x00000007a1c00000, 0x00000007a1c00000, 0x00000007a1d00000|  0%| F|  |TAMS 0x00000007a1c00000, 0x00000007a1c00000| Untracked 
|  29|0x00000007a1d00000, 0x00000007a1d00000, 0x00000007a1e00000|  0%| F|  |TAMS 0x00000007a1d00000, 0x00000007a1d00000| Untracked 
|  30|0x00000007a1e00000, 0x00000007a1e00000, 0x00000007a1f00000|  0%| F|  |TAMS 0x00000007a1e00000, 0x00000007a1e00000| Untracked 
|  31|0x00000007a1f00000, 0x00000007a1f00000, 0x00000007a2000000|  0%| F|  |TAMS 0x00000007a1f00000, 0x00000007a1f00000| Untracked 
|  32|0x00000007a2000000, 0x00000007a2000000, 0x00000007a2100000|  0%| F|  |TAMS 0x00000007a2000000, 0x00000007a2000000| Untracked 
|  33|0x00000007a2100000, 0x00000007a2100000, 0x00000007a2200000|  0%| F|  |TAMS 0x00000007a2100000, 0x00000007a2100000| Untracked 
|  34|0x00000007a2200000, 0x00000007a2200000, 0x00000007a2300000|  0%| F|  |TAMS 0x00000007a2200000, 0x00000007a2200000| Untracked 
|  35|0x00000007a2300000, 0x00000007a2300000, 0x00000007a2400000|  0%| F|  |TAMS 0x00000007a2300000, 0x00000007a2300000| Untracked 
|  36|0x00000007a2400000, 0x00000007a2400000, 0x00000007a2500000|  0%| F|  |TAMS 0x00000007a2400000, 0x00000007a2400000| Untracked 
|  37|0x00000007a2500000, 0x00000007a2500000, 0x00000007a2600000|  0%| F|  |TAMS 0x00000007a2500000, 0x00000007a2500000| Untracked 
|  38|0x00000007a2600000, 0x00000007a2600000, 0x00000007a2700000|  0%| F|  |TAMS 0x00000007a2600000, 0x00000007a2600000| Untracked 
|  39|0x00000007a2700000, 0x00000007a2700000, 0x00000007a2800000|  0%| F|  |TAMS 0x00000007a2700000, 0x00000007a2700000| Untracked 
|  40|0x00000007a2800000, 0x00000007a2800000, 0x00000007a2900000|  0%| F|  |TAMS 0x00000007a2800000, 0x00000007a2800000| Untracked 
|  41|0x00000007a2900000, 0x00000007a2900000, 0x00000007a2a00000|  0%| F|  |TAMS 0x00000007a2900000, 0x00000007a2900000| Untracked 
|  42|0x00000007a2a00000, 0x00000007a2a00000, 0x00000007a2b00000|  0%| F|  |TAMS 0x00000007a2a00000, 0x00000007a2a00000| Untracked 
|  43|0x00000007a2b00000, 0x00000007a2b00000, 0x00000007a2c00000|  0%| F|  |TAMS 0x00000007a2b00000, 0x00000007a2b00000| Untracked 
|  44|0x00000007a2c00000, 0x00000007a2c00000, 0x00000007a2d00000|  0%| F|  |TAMS 0x00000007a2c00000, 0x00000007a2c00000| Untracked 
|  45|0x00000007a2d00000, 0x00000007a2d00000, 0x00000007a2e00000|  0%| F|  |TAMS 0x00000007a2d00000, 0x00000007a2d00000| Untracked 
|  46|0x00000007a2e00000, 0x00000007a2e00000, 0x00000007a2f00000|  0%| F|  |TAMS 0x00000007a2e00000, 0x00000007a2e00000| Untracked 
|  47|0x00000007a2f00000, 0x00000007a3000000, 0x00000007a3000000|100%| S|  |TAMS 0x00000007a2f00000, 0x00000007a2f00000| Complete 
|  48|0x00000007a3000000, 0x00000007a3091e40, 0x00000007a3100000| 56%| E|CS|TAMS 0x00000007a3000000, 0x00000007a3000000| Complete 
|  49|0x00000007a3100000, 0x00000007a3200000, 0x00000007a3200000|100%| E|CS|TAMS 0x00000007a3100000, 0x00000007a3100000| Complete 
|  50|0x00000007a3200000, 0x00000007a3300000, 0x00000007a3300000|100%| E|CS|TAMS 0x00000007a3200000, 0x00000007a3200000| Complete 
|  51|0x00000007a3300000, 0x00000007a3400000, 0x00000007a3400000|100%| E|CS|TAMS 0x00000007a3300000, 0x00000007a3300000| Complete 
|  52|0x00000007a3400000, 0x00000007a3500000, 0x00000007a3500000|100%| E|CS|TAMS 0x00000007a3400000, 0x00000007a3400000| Complete 
|  53|0x00000007a3500000, 0x00000007a3600000, 0x00000007a3600000|100%| S|  |TAMS 0x00000007a3500000, 0x00000007a3500000| Complete 
|  54|0x00000007a3600000, 0x00000007a3700000, 0x00000007a3700000|100%| S|  |TAMS 0x00000007a3600000, 0x00000007a3600000| Complete 
|  55|0x00000007a3700000, 0x00000007a3800000, 0x00000007a3800000|100%| E|CS|TAMS 0x00000007a3700000, 0x00000007a3700000| Complete 
|  56|0x00000007a3800000, 0x00000007a3900000, 0x00000007a3900000|100%| E|CS|TAMS 0x00000007a3800000, 0x00000007a3800000| Complete 
|  57|0x00000007a3900000, 0x00000007a3a00000, 0x00000007a3a00000|100%| E|CS|TAMS 0x00000007a3900000, 0x00000007a3900000| Complete 
|  58|0x00000007a3a00000, 0x00000007a3b00000, 0x00000007a3b00000|100%| E|CS|TAMS 0x00000007a3a00000, 0x00000007a3a00000| Complete 
|  59|0x00000007a3b00000, 0x00000007a3c00000, 0x00000007a3c00000|100%| E|CS|TAMS 0x00000007a3b00000, 0x00000007a3b00000| Complete 
|  60|0x00000007a3c00000, 0x00000007a3d00000, 0x00000007a3d00000|100%| E|CS|TAMS 0x00000007a3c00000, 0x00000007a3c00000| Complete 
|  61|0x00000007a3d00000, 0x00000007a3e00000, 0x00000007a3e00000|100%| E|CS|TAMS 0x00000007a3d00000, 0x00000007a3d00000| Complete 
|  62|0x00000007a3e00000, 0x00000007a3f00000, 0x00000007a3f00000|100%| E|CS|TAMS 0x00000007a3e00000, 0x00000007a3e00000| Complete 
|  63|0x00000007a3f00000, 0x00000007a4000000, 0x00000007a4000000|100%| E|CS|TAMS 0x00000007a3f00000, 0x00000007a3f00000| Complete 
|  64|0x00000007a4000000, 0x00000007a4100000, 0x00000007a4100000|100%| E|CS|TAMS 0x00000007a4000000, 0x00000007a4000000| Complete 
|  65|0x00000007a4100000, 0x00000007a4200000, 0x00000007a4200000|100%| E|CS|TAMS 0x00000007a4100000, 0x00000007a4100000| Complete 
|  66|0x00000007a4200000, 0x00000007a4300000, 0x00000007a4300000|100%| E|CS|TAMS 0x00000007a4200000, 0x00000007a4200000| Complete 
|  67|0x00000007a4300000, 0x00000007a4400000, 0x00000007a4400000|100%| E|CS|TAMS 0x00000007a4300000, 0x00000007a4300000| Complete 
|  68|0x00000007a4400000, 0x00000007a4500000, 0x00000007a4500000|100%| E|CS|TAMS 0x00000007a4400000, 0x00000007a4400000| Complete 
|  69|0x00000007a4500000, 0x00000007a4600000, 0x00000007a4600000|100%| E|CS|TAMS 0x00000007a4500000, 0x00000007a4500000| Complete 
|  70|0x00000007a4600000, 0x00000007a4700000, 0x00000007a4700000|100%| E|CS|TAMS 0x00000007a4600000, 0x00000007a4600000| Complete 
|  71|0x00000007a4700000, 0x00000007a4800000, 0x00000007a4800000|100%| E|CS|TAMS 0x00000007a4700000, 0x00000007a4700000| Complete 
|  72|0x00000007a4800000, 0x00000007a4900000, 0x00000007a4900000|100%| E|CS|TAMS 0x00000007a4800000, 0x00000007a4800000| Complete 
|  73|0x00000007a4900000, 0x00000007a4a00000, 0x00000007a4a00000|100%| E|CS|TAMS 0x00000007a4900000, 0x00000007a4900000| Complete 
|  74|0x00000007a4a00000, 0x00000007a4b00000, 0x00000007a4b00000|100%| E|CS|TAMS 0x00000007a4a00000, 0x00000007a4a00000| Complete 
|  75|0x00000007a4b00000, 0x00000007a4c00000, 0x00000007a4c00000|100%| E|CS|TAMS 0x00000007a4b00000, 0x00000007a4b00000| Complete 
|  76|0x00000007a4c00000, 0x00000007a4d00000, 0x00000007a4d00000|100%| E|CS|TAMS 0x00000007a4c00000, 0x00000007a4c00000| Complete 
|  77|0x00000007a4d00000, 0x00000007a4e00000, 0x00000007a4e00000|100%| E|CS|TAMS 0x00000007a4d00000, 0x00000007a4d00000| Complete 
|  78|0x00000007a4e00000, 0x00000007a4f00000, 0x00000007a4f00000|100%| E|CS|TAMS 0x00000007a4e00000, 0x00000007a4e00000| Complete 
|  79|0x00000007a4f00000, 0x00000007a5000000, 0x00000007a5000000|100%| E|CS|TAMS 0x00000007a4f00000, 0x00000007a4f00000| Complete 
|  80|0x00000007a5000000, 0x00000007a5100000, 0x00000007a5100000|100%| E|CS|TAMS 0x00000007a5000000, 0x00000007a5000000| Complete 
|  81|0x00000007a5100000, 0x00000007a5200000, 0x00000007a5200000|100%| E|CS|TAMS 0x00000007a5100000, 0x00000007a5100000| Complete 
|  82|0x00000007a5200000, 0x00000007a5300000, 0x00000007a5300000|100%| E|CS|TAMS 0x00000007a5200000, 0x00000007a5200000| Complete 
|  83|0x00000007a5300000, 0x00000007a5400000, 0x00000007a5400000|100%| E|CS|TAMS 0x00000007a5300000, 0x00000007a5300000| Complete 
|  84|0x00000007a5400000, 0x00000007a5500000, 0x00000007a5500000|100%| E|CS|TAMS 0x00000007a5400000, 0x00000007a5400000| Complete 
|  85|0x00000007a5500000, 0x00000007a5600000, 0x00000007a5600000|100%| E|CS|TAMS 0x00000007a5500000, 0x00000007a5500000| Complete 
|  86|0x00000007a5600000, 0x00000007a5700000, 0x00000007a5700000|100%| E|CS|TAMS 0x00000007a5600000, 0x00000007a5600000| Complete 
|  87|0x00000007a5700000, 0x00000007a5800000, 0x00000007a5800000|100%| E|CS|TAMS 0x00000007a5700000, 0x00000007a5700000| Complete 
|  88|0x00000007a5800000, 0x00000007a5900000, 0x00000007a5900000|100%| E|CS|TAMS 0x00000007a5800000, 0x00000007a5800000| Complete 
|  89|0x00000007a5900000, 0x00000007a5a00000, 0x00000007a5a00000|100%| E|CS|TAMS 0x00000007a5900000, 0x00000007a5900000| Complete 
|  90|0x00000007a5a00000, 0x00000007a5b00000, 0x00000007a5b00000|100%| E|CS|TAMS 0x00000007a5a00000, 0x00000007a5a00000| Complete 
|  91|0x00000007a5b00000, 0x00000007a5c00000, 0x00000007a5c00000|100%| E|CS|TAMS 0x00000007a5b00000, 0x00000007a5b00000| Complete 
|  92|0x00000007a5c00000, 0x00000007a5d00000, 0x00000007a5d00000|100%| E|CS|TAMS 0x00000007a5c00000, 0x00000007a5c00000| Complete 
|  93|0x00000007a5d00000, 0x00000007a5e00000, 0x00000007a5e00000|100%| E|CS|TAMS 0x00000007a5d00000, 0x00000007a5d00000| Complete 
|  94|0x00000007a5e00000, 0x00000007a5f00000, 0x00000007a5f00000|100%| E|CS|TAMS 0x00000007a5e00000, 0x00000007a5e00000| Complete 
|  95|0x00000007a5f00000, 0x00000007a6000000, 0x00000007a6000000|100%| E|CS|TAMS 0x00000007a5f00000, 0x00000007a5f00000| Complete 
|  96|0x00000007a6000000, 0x00000007a6100000, 0x00000007a6100000|100%| E|CS|TAMS 0x00000007a6000000, 0x00000007a6000000| Complete 
|  97|0x00000007a6100000, 0x00000007a6200000, 0x00000007a6200000|100%| E|CS|TAMS 0x00000007a6100000, 0x00000007a6100000| Complete 
|  98|0x00000007a6200000, 0x00000007a6300000, 0x00000007a6300000|100%| E|CS|TAMS 0x00000007a6200000, 0x00000007a6200000| Complete 
|  99|0x00000007a6300000, 0x00000007a6400000, 0x00000007a6400000|100%| E|CS|TAMS 0x00000007a6300000, 0x00000007a6300000| Complete 
| 100|0x00000007a6400000, 0x00000007a6500000, 0x00000007a6500000|100%| E|CS|TAMS 0x00000007a6400000, 0x00000007a6400000| Complete 
| 101|0x00000007a6500000, 0x00000007a6600000, 0x00000007a6600000|100%| E|CS|TAMS 0x00000007a6500000, 0x00000007a6500000| Complete 
| 102|0x00000007a6600000, 0x00000007a6700000, 0x00000007a6700000|100%| E|CS|TAMS 0x00000007a6600000, 0x00000007a6600000| Complete 
| 103|0x00000007a6700000, 0x00000007a6800000, 0x00000007a6800000|100%| E|CS|TAMS 0x00000007a6700000, 0x00000007a6700000| Complete 
| 104|0x00000007a6800000, 0x00000007a6900000, 0x00000007a6900000|100%| E|CS|TAMS 0x00000007a6800000, 0x00000007a6800000| Complete 
| 105|0x00000007a6900000, 0x00000007a6a00000, 0x00000007a6a00000|100%| E|CS|TAMS 0x00000007a6900000, 0x00000007a6900000| Complete 
| 106|0x00000007a6a00000, 0x00000007a6b00000, 0x00000007a6b00000|100%| E|CS|TAMS 0x00000007a6a00000, 0x00000007a6a00000| Complete 
| 107|0x00000007a6b00000, 0x00000007a6c00000, 0x00000007a6c00000|100%| E|CS|TAMS 0x00000007a6b00000, 0x00000007a6b00000| Complete 
| 108|0x00000007a6c00000, 0x00000007a6d00000, 0x00000007a6d00000|100%| E|CS|TAMS 0x00000007a6c00000, 0x00000007a6c00000| Complete 
| 109|0x00000007a6d00000, 0x00000007a6e00000, 0x00000007a6e00000|100%| E|CS|TAMS 0x00000007a6d00000, 0x00000007a6d00000| Complete 
| 110|0x00000007a6e00000, 0x00000007a6f00000, 0x00000007a6f00000|100%| E|CS|TAMS 0x00000007a6e00000, 0x00000007a6e00000| Complete 
| 111|0x00000007a6f00000, 0x00000007a7000000, 0x00000007a7000000|100%| E|CS|TAMS 0x00000007a6f00000, 0x00000007a6f00000| Complete 
| 112|0x00000007a7000000, 0x00000007a7100000, 0x00000007a7100000|100%| E|CS|TAMS 0x00000007a7000000, 0x00000007a7000000| Complete 
| 113|0x00000007a7100000, 0x00000007a7200000, 0x00000007a7200000|100%| E|CS|TAMS 0x00000007a7100000, 0x00000007a7100000| Complete 
| 114|0x00000007a7200000, 0x00000007a7300000, 0x00000007a7300000|100%| E|CS|TAMS 0x00000007a7200000, 0x00000007a7200000| Complete 
| 115|0x00000007a7300000, 0x00000007a7400000, 0x00000007a7400000|100%| E|CS|TAMS 0x00000007a7300000, 0x00000007a7300000| Complete 

Card table byte_map: [0x00000001064c9000,0x00000001067c9000] _byte_map_base: 0x00000001027c9000

Marking Bits (Prev, Next): (CMBitMap*) 0x00007fd66081f218, (CMBitMap*) 0x00007fd66081f250
 Prev Bits: [0x0000000106ac9000, 0x00000001082c9000)
 Next Bits: [0x000000011bea4000, 0x000000011d6a4000)

Polling page: 0x00000001045f6000

Metaspace:

Usage:
  Non-class:     37.00 MB capacity,    36.33 MB ( 98%) used,   559.13 KB (  1%) free+waste,   127.50 KB ( <1%) overhead. 
      Class:      5.05 MB capacity,     4.60 MB ( 91%) used,   403.17 KB (  8%) free+waste,    59.56 KB (  1%) overhead. 
       Both:     42.05 MB capacity,    40.92 MB ( 97%) used,   962.30 KB (  2%) free+waste,   187.06 KB ( <1%) overhead. 

Virtual space:
  Non-class space:       38.00 MB reserved,      37.25 MB ( 98%) committed 
      Class space:        1.00 GB reserved,       5.12 MB ( <1%) committed 
             Both:        1.04 GB reserved,      42.38 MB (  4%) committed 

Chunk freelists:
   Non-Class:  21.00 KB
       Class:  0 bytes
        Both:  21.00 KB

MaxMetaspaceSize: unlimited
CompressedClassSpaceSize: 1.00 GB

CodeHeap 'non-profiled nmethods': size=120032Kb used=2219Kb max_used=2219Kb free=117812Kb
 bounds [0x000000011496c000, 0x0000000114bdc000, 0x000000011bea4000]
CodeHeap 'profiled nmethods': size=120032Kb used=9457Kb max_used=9457Kb free=110574Kb
 bounds [0x000000010d434000, 0x000000010dd74000, 0x000000011496c000]
CodeHeap 'non-nmethods': size=5696Kb used=1169Kb max_used=1228Kb free=4526Kb
 bounds [0x000000010cea4000, 0x000000010d114000, 0x000000010d434000]
 total_blobs=6014 nmethods=4347 adapters=431
 compilation: enabled
              stopped_count=0, restarted_count=0
 full_count=0

Compilation events (20 events):
Event: 135.017 Thread 0x00007fd660885800 nmethod 4416 0x000000010dd67690 code [0x000000010dd67860, 0x000000010dd67bd8]
Event: 135.020 Thread 0x00007fd65f84f800 4417       4       java.nio.ByteBuffer::arrayOffset (35 bytes)
Event: 135.021 Thread 0x00007fd65f84f800 nmethod 4417 0x0000000114b95c90 code [0x0000000114b95e20, 0x0000000114b95eb8]
Event: 135.021 Thread 0x00007fd660885800 4418       3       java.net.URI::getPath (31 bytes)
Event: 135.021 Thread 0x00007fd660885800 nmethod 4418 0x000000010dd67c90 code [0x000000010dd67e60, 0x000000010dd68148]
Event: 135.022 Thread 0x00007fd660885800 4419       1       java.nio.charset.CharsetDecoder::charset (5 bytes)
Event: 135.022 Thread 0x00007fd660885800 nmethod 4419 0x0000000114b95f90 code [0x0000000114b96140, 0x0000000114b96250]
Event: 138.092 Thread 0x00007fd660885800 4420       3       java.lang.invoke.MemberName::getFactory (4 bytes)
Event: 138.093 Thread 0x00007fd660885800 nmethod 4420 0x000000010dd68210 code [0x000000010dd683c0, 0x000000010dd68510]
Event: 140.032 Thread 0x00007fd65f84f800 4421       4       java.lang.Integer::stringSize (47 bytes)
Event: 140.034 Thread 0x00007fd660885800 4423   !   3       java.net.URI$Parser::parseServer (338 bytes)
Event: 140.034 Thread 0x00007fd65f84f800 nmethod 4421 0x0000000114b96290 code [0x0000000114b96420, 0x0000000114b964d8]
Event: 140.034 Thread 0x00007fd65f84f800 4422       4       java.lang.Integer::getChars (131 bytes)
Event: 140.039 Thread 0x00007fd660885800 nmethod 4423 0x000000010dd68590 code [0x000000010dd68b00, 0x000000010dd6b1f8]
Event: 140.039 Thread 0x00007fd660885800 4424   !   3       java.net.URI$Parser::parseIPv4Address (67 bytes)
Event: 140.041 Thread 0x00007fd660885800 nmethod 4424 0x000000010dd6c210 code [0x000000010dd6c460, 0x000000010dd6cd78]
Event: 140.045 Thread 0x00007fd65f84f800 nmethod 4422 0x0000000114b96590 code [0x0000000114b96740, 0x0000000114b96bb8]
Event: 145.050 Thread 0x00007fd660885800 4425       3       sun.jvmstat.perfdata.monitor.AliasFileParser::parse (206 bytes)
Event: 145.052 Thread 0x00007fd660885800 nmethod 4425 0x000000010dd6d190 code [0x000000010dd6d620, 0x000000010dd6f9d8]
Event: 145.053 Thread 0x00007fd660885800 4426       3       java.util.TreeMap::getEntry (84 bytes)

GC Heap History (20 events):
Event: 1.673 GC heap after
{Heap after GC invocations=2 (full 0):
 garbage-first heap   total 98304K, used 4634K [0x00000007a0000000, 0x0000000800000000)
  region size 1024K, 1 young (1024K), 1 survivors (1024K)
 Metaspace       used 8237K, capacity 8356K, committed 8448K, reserved 1056768K
  class space    used 697K, capacity 742K, committed 768K, reserved 1048576K
}
Event: 3.058 GC heap before
{Heap before GC invocations=2 (full 0):
 garbage-first heap   total 98304K, used 27162K [0x00000007a0000000, 0x0000000800000000)
  region size 1024K, 23 young (23552K), 1 survivors (1024K)
 Metaspace       used 11073K, capacity 11239K, committed 11392K, reserved 1058816K
  class space    used 1022K, capacity 1108K, committed 1152K, reserved 1048576K
}
Event: 3.063 GC heap after
{Heap after GC invocations=3 (full 0):
 garbage-first heap   total 98304K, used 5115K [0x00000007a0000000, 0x0000000800000000)
  region size 1024K, 2 young (2048K), 2 survivors (2048K)
 Metaspace       used 11073K, capacity 11239K, committed 11392K, reserved 1058816K
  class space    used 1022K, capacity 1108K, committed 1152K, reserved 1048576K
}
Event: 3.964 GC heap before
{Heap before GC invocations=3 (full 0):
 garbage-first heap   total 98304K, used 39931K [0x00000007a0000000, 0x0000000800000000)
  region size 1024K, 36 young (36864K), 2 survivors (2048K)
 Metaspace       used 13747K, capacity 13978K, committed 14336K, reserved 1062912K
  class space    used 1365K, capacity 1428K, committed 1536K, reserved 1048576K
}
Event: 3.972 GC heap after
{Heap after GC invocations=4 (full 0):
 garbage-first heap   total 98304K, used 6233K [0x00000007a0000000, 0x0000000800000000)
  region size 1024K, 3 young (3072K), 3 survivors (3072K)
 Metaspace       used 13747K, capacity 13978K, committed 14336K, reserved 1062912K
  class space    used 1365K, capacity 1428K, committed 1536K, reserved 1048576K
}
Event: 10.332 GC heap before
{Heap before GC invocations=4 (full 0):
 garbage-first heap   total 98304K, used 55385K [0x00000007a0000000, 0x0000000800000000)
  region size 1024K, 51 young (52224K), 3 survivors (3072K)
 Metaspace       used 18395K, capacity 18849K, committed 19072K, reserved 1067008K
  class space    used 1974K, capacity 2125K, committed 2176K, reserved 1048576K
}
Event: 10.343 GC heap after
{Heap after GC invocations=5 (full 0):
 garbage-first heap   total 98304K, used 7395K [0x00000007a0000000, 0x0000000800000000)
  region size 1024K, 4 young (4096K), 4 survivors (4096K)
 Metaspace       used 18395K, capacity 18849K, committed 19072K, reserved 1067008K
  class space    used 1974K, capacity 2125K, committed 2176K, reserved 1048576K
}
Event: 11.225 GC heap before
{Heap before GC invocations=5 (full 0):
 garbage-first heap   total 98304K, used 29923K [0x00000007a0000000, 0x0000000800000000)
  region size 1024K, 27 young (27648K), 4 survivors (4096K)
 Metaspace       used 20559K, capacity 21077K, committed 21248K, reserved 1069056K
  class space    used 2265K, capacity 2463K, committed 2560K, reserved 1048576K
}
Event: 11.236 GC heap after
{Heap after GC invocations=6 (full 0):
 garbage-first heap   total 98304K, used 7800K [0x00000007a0000000, 0x0000000800000000)
  region size 1024K, 4 young (4096K), 4 survivors (4096K)
 Metaspace       used 20559K, capacity 21077K, committed 21248K, reserved 1069056K
  class space    used 2265K, capacity 2463K, committed 2560K, reserved 1048576K
}
Event: 13.370 GC heap before
{Heap before GC invocations=7 (full 0):
 garbage-first heap   total 98304K, used 62072K [0x00000007a0000000, 0x0000000800000000)
  region size 1024K, 57 young (58368K), 4 survivors (4096K)
 Metaspace       used 26098K, capacity 26816K, committed 27136K, reserved 1073152K
  class space    used 2989K, capacity 3241K, committed 3328K, reserved 1048576K
}
Event: 13.388 GC heap after
{Heap after GC invocations=8 (full 0):
 garbage-first heap   total 98304K, used 9542K [0x00000007a0000000, 0x0000000800000000)
  region size 1024K, 6 young (6144K), 6 survivors (6144K)
 Metaspace       used 26098K, capacity 26816K, committed 27136K, reserved 1073152K
  class space    used 2989K, capacity 3241K, committed 3328K, reserved 1048576K
}
Event: 14.870 GC heap before
{Heap before GC invocations=8 (full 0):
 garbage-first heap   total 98304K, used 61766K [0x00000007a0000000, 0x0000000800000000)
  region size 1024K, 57 young (58368K), 6 survivors (6144K)
 Metaspace       used 30691K, capacity 31610K, committed 31744K, reserved 1077248K
  class space    used 3711K, capacity 4058K, committed 4096K, reserved 1048576K
}
Event: 14.893 GC heap after
{Heap after GC invocations=9 (full 0):
 garbage-first heap   total 98304K, used 11187K [0x00000007a0000000, 0x0000000800000000)
  region size 1024K, 6 young (6144K), 6 survivors (6144K)
 Metaspace       used 30691K, capacity 31610K, committed 31744K, reserved 1077248K
  class space    used 3711K, capacity 4058K, committed 4096K, reserved 1048576K
}
Event: 15.839 GC heap before
{Heap before GC invocations=9 (full 0):
 garbage-first heap   total 98304K, used 57267K [0x00000007a0000000, 0x0000000800000000)
  region size 1024K, 51 young (52224K), 6 survivors (6144K)
 Metaspace       used 34707K, capacity 35684K, committed 35840K, reserved 1081344K
  class space    used 4056K, capacity 4458K, committed 4480K, reserved 1048576K
}
Event: 15.852 GC heap after
{Heap after GC invocations=10 (full 0):
 garbage-first heap   total 118784K, used 19600K [0x00000007a0000000, 0x0000000800000000)
  region size 1024K, 8 young (8192K), 8 survivors (8192K)
 Metaspace       used 34707K, capacity 35684K, committed 35840K, reserved 1081344K
  class space    used 4056K, capacity 4458K, committed 4480K, reserved 1048576K
}
Event: 16.572 GC heap before
{Heap before GC invocations=11 (full 0):
 garbage-first heap   total 118784K, used 78992K [0x00000007a0000000, 0x0000000800000000)
  region size 1024K, 67 young (68608K), 8 survivors (8192K)
 Metaspace       used 38653K, capacity 39661K, committed 40064K, reserved 1085440K
  class space    used 4428K, capacity 4865K, committed 4992K, reserved 1048576K
}
Event: 16.587 GC heap after
{Heap after GC invocations=12 (full 0):
 garbage-first heap   total 118784K, used 22203K [0x00000007a0000000, 0x0000000800000000)
  region size 1024K, 3 young (3072K), 3 survivors (3072K)
 Metaspace       used 38653K, capacity 39661K, committed 40064K, reserved 1085440K
  class space    used 4428K, capacity 4865K, committed 4992K, reserved 1048576K
}
Event: 64.834 GC heap before
{Heap before GC invocations=12 (full 0):
 garbage-first heap   total 118784K, used 82619K [0x00000007a0000000, 0x0000000800000000)
  region size 1024K, 63 young (64512K), 3 survivors (3072K)
 Metaspace       used 41557K, capacity 42698K, committed 43136K, reserved 1087488K
  class space    used 4686K, capacity 5145K, committed 5248K, reserved 1048576K
}
Event: 64.842 GC heap after
{Heap after GC invocations=13 (full 0):
 garbage-first heap   total 118784K, used 24313K [0x00000007a0000000, 0x0000000800000000)
  region size 1024K, 5 young (5120K), 5 survivors (5120K)
 Metaspace       used 41557K, capacity 42698K, committed 43136K, reserved 1087488K
  class space    used 4686K, capacity 5145K, committed 5248K, reserved 1048576K
}
Event: 145.053 GC heap before
{Heap before GC invocations=13 (full 0):
 garbage-first heap   total 118784K, used 85753K [0x00000007a0000000, 0x0000000800000000)
  region size 1024K, 66 young (67584K), 5 survivors (5120K)
 Metaspace       used 41906K, capacity 43056K, committed 43392K, reserved 1087488K
  class space    used 4706K, capacity 5169K, committed 5248K, reserved 1048576K
}

Deoptimization events (20 events):
Event: 114.743 Thread 0x00007fd65ff85800 DEOPT PACKING pc=0x000000010dc054fd sp=0x00007000095f42c0
Event: 114.743 Thread 0x00007fd65ff85800 DEOPT UNPACKING pc=0x000000010cecc73a sp=0x00007000095f37c8 mode 0
Event: 120.383 Thread 0x00007fd65fcd3000 DEOPT PACKING pc=0x000000010da67c41 sp=0x00007000098fdbc0
Event: 120.383 Thread 0x00007fd65fcd3000 DEOPT UNPACKING pc=0x000000010cecc73a sp=0x00007000098fd0f0 mode 0
Event: 120.384 Thread 0x00007fd65fcd3000 DEOPT PACKING pc=0x000000010da6bb3f sp=0x00007000098fd8a0
Event: 120.384 Thread 0x00007fd65fcd3000 DEOPT UNPACKING pc=0x000000010cecc73a sp=0x00007000098fce28 mode 0
Event: 120.386 Thread 0x00007fd65fcd3000 DEOPT PACKING pc=0x000000010da67c41 sp=0x00007000098fdbc0
Event: 120.386 Thread 0x00007fd65fcd3000 DEOPT UNPACKING pc=0x000000010cecc73a sp=0x00007000098fd0f0 mode 0
Event: 120.387 Thread 0x00007fd65fcd3000 DEOPT PACKING pc=0x000000010da6bb3f sp=0x00007000098fd8a0
Event: 120.387 Thread 0x00007fd65fcd3000 DEOPT UNPACKING pc=0x000000010cecc73a sp=0x00007000098fce28 mode 0
Event: 120.433 Thread 0x00007fd65fcd3000 DEOPT PACKING pc=0x000000010da68601 sp=0x00007000098fda40
Event: 120.433 Thread 0x00007fd65fcd3000 DEOPT UNPACKING pc=0x000000010cecc73a sp=0x00007000098fced8 mode 0
Event: 120.435 Thread 0x00007fd65fcd3000 DEOPT PACKING pc=0x000000010da68601 sp=0x00007000098fda40
Event: 120.435 Thread 0x00007fd65fcd3000 DEOPT UNPACKING pc=0x000000010cecc73a sp=0x00007000098fced8 mode 0
Event: 120.453 Thread 0x00007fd65fcd3000 DEOPT PACKING pc=0x000000010da68601 sp=0x00007000098fdb20
Event: 120.453 Thread 0x00007fd65fcd3000 DEOPT UNPACKING pc=0x000000010cecc73a sp=0x00007000098fcfb8 mode 0
Event: 120.455 Thread 0x00007fd65fcd3000 DEOPT PACKING pc=0x000000010da68601 sp=0x00007000098fdb20
Event: 120.455 Thread 0x00007fd65fcd3000 DEOPT UNPACKING pc=0x000000010cecc73a sp=0x00007000098fcfb8 mode 0
Event: 120.468 Thread 0x00007fd65fcd3000 DEOPT PACKING pc=0x000000010da68601 sp=0x00007000098fda70
Event: 120.468 Thread 0x00007fd65fcd3000 DEOPT UNPACKING pc=0x000000010cecc73a sp=0x00007000098fcf08 mode 0

Classes redefined (0 events):
No events

Internal exceptions (20 events):
Event: 16.945 Thread 0x00007fd65ff85800 Exception <a 'java/lang/ArrayIndexOutOfBoundsException'{0x00000007a66c7e10}: Index 545 out of bounds for length 545> (0x00000007a66c7e10) thrown at [./src/hotspot/share/interpreter/interpreterRuntime.cpp, line 459]
Event: 16.961 Thread 0x00007fd65fcd3000 Exception <a 'java/lang/ArrayIndexOutOfBoundsException'{0x00000007a6137c70}: Index 212 out of bounds for length 212> (0x00000007a6137c70) thrown at [./src/hotspot/share/interpreter/interpreterRuntime.cpp, line 459]
Event: 16.964 Thread 0x00007fd65fcd3000 Exception <a 'java/lang/ArrayIndexOutOfBoundsException'{0x00000007a614ab90}: Index 317 out of bounds for length 317> (0x00000007a614ab90) thrown at [./src/hotspot/share/interpreter/interpreterRuntime.cpp, line 459]
Event: 17.159 Thread 0x00007fd65ff85800 Exception <a 'java/lang/ArrayIndexOutOfBoundsException'{0x00000007a5106d50}> (0x00000007a5106d50) thrown at [./src/hotspot/share/runtime/sharedRuntime.cpp, line 584]
Event: 18.099 Thread 0x00007fd661a84800 Exception <a 'java/lang/NoSuchMethodError'{0x00000007a4f8f320}: 'java.lang.Object java.lang.invoke.DirectMethodHandle$Holder.invokeSpecial(java.lang.Object, java.lang.Object, int, java.lang.Object, java.lang.Object)'> (0x00000007a4f8f320) thrown at [./src/hotspot/share/interpreter/linkResolver.cpp, line 773]
Event: 34.777 Thread 0x00007fd65ff85800 Exception <a 'java/lang/ArrayIndexOutOfBoundsException'{0x00000007a51b2bd0}> (0x00000007a51b2bd0) thrown at [./src/hotspot/share/runtime/sharedRuntime.cpp, line 584]
Event: 34.951 Thread 0x00007fd65ff85800 Exception <a 'java/lang/ArrayIndexOutOfBoundsException'{0x00000007a470d418}> (0x00000007a470d418) thrown at [./src/hotspot/share/runtime/sharedRuntime.cpp, line 584]
Event: 36.330 Thread 0x00007fd65ff85800 Exception <a 'java/lang/ArrayIndexOutOfBoundsException'{0x00000007a47a9910}> (0x00000007a47a9910) thrown at [./src/hotspot/share/runtime/sharedRuntime.cpp, line 584]
Event: 36.632 Thread 0x00007fd65ff85800 Exception <a 'java/lang/ArrayIndexOutOfBoundsException'{0x00000007a4645e60}> (0x00000007a4645e60) thrown at [./src/hotspot/share/runtime/sharedRuntime.cpp, line 584]
Event: 40.521 Thread 0x00007fd65ff85800 Exception <a 'java/lang/ArrayIndexOutOfBoundsException'{0x00000007a46e24b0}> (0x00000007a46e24b0) thrown at [./src/hotspot/share/runtime/sharedRuntime.cpp, line 584]
Event: 41.793 Thread 0x00007fd65ff85800 Exception <a 'java/lang/ArrayIndexOutOfBoundsException'{0x00000007a44bf830}> (0x00000007a44bf830) thrown at [./src/hotspot/share/runtime/sharedRuntime.cpp, line 584]
Event: 41.889 Thread 0x00007fd65ff85800 Exception <a 'java/lang/ArrayIndexOutOfBoundsException'{0x00000007a438af30}> (0x00000007a438af30) thrown at [./src/hotspot/share/runtime/sharedRuntime.cpp, line 584]
Event: 42.034 Thread 0x00007fd65ff85800 Exception <a 'java/lang/ArrayIndexOutOfBoundsException'{0x00000007a42f6248}> (0x00000007a42f6248) thrown at [./src/hotspot/share/runtime/sharedRuntime.cpp, line 584]
Event: 42.094 Thread 0x00007fd65ff85800 Exception <a 'java/lang/ArrayIndexOutOfBoundsException'{0x00000007a40369a0}> (0x00000007a40369a0) thrown at [./src/hotspot/share/runtime/sharedRuntime.cpp, line 584]
Event: 42.158 Thread 0x00007fd65ff85800 Exception <a 'java/lang/ArrayIndexOutOfBoundsException'{0x00000007a3f74de0}> (0x00000007a3f74de0) thrown at [./src/hotspot/share/runtime/sharedRuntime.cpp, line 584]
Event: 42.187 Thread 0x00007fd65ff85800 Exception <a 'java/lang/ArrayIndexOutOfBoundsException'{0x00000007a3eb3010}> (0x00000007a3eb3010) thrown at [./src/hotspot/share/runtime/sharedRuntime.cpp, line 584]
Event: 95.128 Thread 0x00007fd65fcd3000 Exception <a 'java/lang/ArrayIndexOutOfBoundsException'{0x00000007a6902b70}> (0x00000007a6902b70) thrown at [./src/hotspot/share/runtime/sharedRuntime.cpp, line 584]
Event: 114.681 Thread 0x00007fd65ff85800 Exception <a 'java/lang/ArrayIndexOutOfBoundsException'{0x00000007a54adfd0}> (0x00000007a54adfd0) thrown at [./src/hotspot/share/runtime/sharedRuntime.cpp, line 584]
Event: 114.719 Thread 0x00007fd65ff85800 Exception <a 'java/lang/ArrayIndexOutOfBoundsException'{0x00000007a53fd108}> (0x00000007a53fd108) thrown at [./src/hotspot/share/runtime/sharedRuntime.cpp, line 584]
Event: 120.389 Thread 0x00007fd65fcd3000 Exception <a 'java/lang/ArrayIndexOutOfBoundsException'{0x00000007a4e69438}> (0x00000007a4e69438) thrown at [./src/hotspot/share/runtime/sharedRuntime.cpp, line 584]

Events (20 events):
Event: 95.237 loading class org/springframework/ide/vscode/boot/java/utils/SymbolCacheKey
Event: 95.237 loading class org/springframework/ide/vscode/boot/java/utils/SymbolCacheKey done
Event: 95.237 loading class org/springframework/ide/vscode/boot/java/utils/SpringIndexerJava
Event: 95.237 loading class org/springframework/ide/vscode/boot/java/utils/SpringIndexerJava done
Event: 95.238 loading class org/springframework/ide/vscode/boot/java/utils/DocumentDescriptor
Event: 95.238 loading class org/springframework/ide/vscode/boot/java/utils/DocumentDescriptor done
Event: 114.700 Executing VM operation: RevokeBias
Event: 114.700 Executing VM operation: RevokeBias done
Event: 114.745 Executing VM operation: RevokeBias
Event: 114.745 Executing VM operation: RevokeBias done
Event: 120.404 Loaded shared library /Applications/IntelliJ IDEA CE.app/Contents/jbr/Contents/Home/lib/server/libjvm.dylib
Event: 138.092 Executing VM operation: RevokeBias
Event: 138.092 Executing VM operation: RevokeBias done
Event: 138.092 Protecting memory [0x0000700009a05000,0x0000700009a09000] with protection modes 3
Event: 138.092 Thread 0x00007fd661a84800 Thread exited: 0x00007fd661a84800
Event: 139.704 Executing VM operation: RevokeBias
Event: 139.704 Executing VM operation: RevokeBias done
Event: 139.704 Protecting memory [0x0000700008ee4000,0x0000700008ee8000] with protection modes 3
Event: 139.704 Thread 0x00007fd65f643000 Thread exited: 0x00007fd65f643000
Event: 145.053 Executing VM operation: G1CollectForAllocation


Dynamic libraries:
0x00007fff4fd4b000 	/System/Library/Frameworks/Cocoa.framework/Versions/A/Cocoa
0x00007fff5bffa000 	/System/Library/Frameworks/Security.framework/Versions/A/Security
0x00007fff4e955000 	/System/Library/Frameworks/ApplicationServices.framework/Versions/A/ApplicationServices
0x00007fff7d4e3000 	/usr/lib/libz.1.dylib
0x0000000104593000 	/Applications/IntelliJ IDEA CE.app/Contents/jbr/Contents/Home/lib/jli/libjli.dylib
0x00007fff7aae1000 	/usr/lib/libSystem.B.dylib
0x00007fff4dae4000 	/System/Library/Frameworks/AppKit.framework/Versions/C/AppKit
0x00007fff500e2000 	/System/Library/Frameworks/CoreData.framework/Versions/A/CoreData
0x00007fff52918000 	/System/Library/Frameworks/Foundation.framework/Versions/C/Foundation
0x00007fff73cd3000 	/System/Library/PrivateFrameworks/RemoteViewServices.framework/Versions/A/RemoteViewServices
0x00007fff787bc000 	/System/Library/PrivateFrameworks/UIFoundation.framework/Versions/A/UIFoundation
0x00007fff79f68000 	/System/Library/PrivateFrameworks/XCTTargetBootstrap.framework/Versions/A/XCTTargetBootstrap
0x00007fff6e832000 	/System/Library/PrivateFrameworks/IconServices.framework/Versions/A/IconServices
0x00007fff551c0000 	/System/Library/Frameworks/Metal.framework/Versions/A/Metal
0x00007fff65ac4000 	/System/Library/PrivateFrameworks/DesktopServicesPriv.framework/Versions/A/DesktopServicesPriv
0x00007fff7b91c000 	/usr/lib/libenergytrace.dylib
0x00007fff76535000 	/System/Library/PrivateFrameworks/SkyLight.framework/Versions/A/SkyLight
0x00007fff509cd000 	/System/Library/Frameworks/CoreGraphics.framework/Versions/A/CoreGraphics
0x00007fff4c6b6000 	/System/Library/Frameworks/Accelerate.framework/Versions/A/Accelerate
0x00007fff5309e000 	/System/Library/Frameworks/IOSurface.framework/Versions/A/IOSurface
0x00007fff65926000 	/System/Library/PrivateFrameworks/DFRFoundation.framework/Versions/A/DFRFoundation
0x00007fff4ee5a000 	/System/Library/Frameworks/AudioToolbox.framework/Versions/A/AudioToolbox
0x00007fff4f0f8000 	/System/Library/Frameworks/AudioUnit.framework/Versions/A/AudioUnit
0x00007fff659bd000 	/System/Library/PrivateFrameworks/DataDetectorsCore.framework/Versions/A/DataDetectorsCore
0x00007fff4f837000 	/System/Library/Frameworks/Carbon.framework/Versions/A/Frameworks/HIToolbox.framework/Versions/A/HIToolbox
0x00007fff7ba77000 	/usr/lib/libicucore.A.dylib
0x00007fff5b556000 	/System/Library/Frameworks/QuartzCore.framework/Versions/A/QuartzCore
0x00007fff4fc1e000 	/System/Library/Frameworks/Carbon.framework/Versions/A/Frameworks/SpeechRecognition.framework/Versions/A/SpeechRecognition
0x00007fff7acc4000 	/usr/lib/libauto.dylib
0x00007fff7d3d6000 	/usr/lib/libxml2.2.dylib
0x00007fff6552b000 	/System/Library/PrivateFrameworks/CoreUI.framework/Versions/A/CoreUI
0x00007fff4ffc0000 	/System/Library/Frameworks/CoreAudio.framework/Versions/A/CoreAudio
0x00007fff5274a000 	/System/Library/Frameworks/DiskArbitration.framework/Versions/A/DiskArbitration
0x00007fff7bd27000 	/usr/lib/liblangid.dylib
0x00007fff6fcdc000 	/System/Library/PrivateFrameworks/MultitouchSupport.framework/Versions/A/MultitouchSupport
0x00007fff5300b000 	/System/Library/Frameworks/IOKit.framework/Versions/A/IOKit
0x00007fff7a72f000 	/usr/lib/libDiagnosticMessagesClient.dylib
0x00007fff51855000 	/System/Library/Frameworks/CoreServices.framework/Versions/A/CoreServices
0x00007fff71a06000 	/System/Library/PrivateFrameworks/PerformanceAnalysis.framework/Versions/A/PerformanceAnalysis
0x00007fff5a6eb000 	/System/Library/Frameworks/OpenGL.framework/Versions/A/OpenGL
0x00007fff7c608000 	/usr/lib/libobjc.A.dylib
0x00007fff4fd59000 	/System/Library/Frameworks/ColorSync.framework/Versions/A/ColorSync
0x00007fff5057b000 	/System/Library/Frameworks/CoreFoundation.framework/Versions/A/CoreFoundation
0x00007fff51079000 	/System/Library/Frameworks/CoreImage.framework/Versions/A/CoreImage
0x00007fff52293000 	/System/Library/Frameworks/CoreText.framework/Versions/A/CoreText
0x00007fff530ff000 	/System/Library/Frameworks/ImageIO.framework/Versions/A/ImageIO
0x00007fff61ba1000 	/System/Library/PrivateFrameworks/Backup.framework/Versions/A/Backup
0x00007fff7ab97000 	/usr/lib/libarchive.2.dylib
0x00007fff4f45c000 	/System/Library/Frameworks/CFNetwork.framework/Versions/A/CFNetwork
0x00007fff5c7a3000 	/System/Library/Frameworks/SystemConfiguration.framework/Versions/A/SystemConfiguration
0x00007fff7a658000 	/usr/lib/libCRFSuite.dylib
0x00007fff7adbc000 	/usr/lib/libc++.1.dylib
0x00007fff7ae14000 	/usr/lib/libc++abi.dylib
0x00007fff7d566000 	/usr/lib/system/libcache.dylib
0x00007fff7d56b000 	/usr/lib/system/libcommonCrypto.dylib
0x00007fff7d576000 	/usr/lib/system/libcompiler_rt.dylib
0x00007fff7d57e000 	/usr/lib/system/libcopyfile.dylib
0x00007fff7d588000 	/usr/lib/system/libcorecrypto.dylib
0x00007fff7d692000 	/usr/lib/system/libdispatch.dylib
0x00007fff7d6cd000 	/usr/lib/system/libdyld.dylib
0x00007fff7d6fd000 	/usr/lib/system/libkeymgr.dylib
0x00007fff7d70b000 	/usr/lib/system/liblaunch.dylib
0x00007fff7d70c000 	/usr/lib/system/libmacho.dylib
0x00007fff7d712000 	/usr/lib/system/libquarantine.dylib
0x00007fff7d715000 	/usr/lib/system/libremovefile.dylib
0x00007fff7d717000 	/usr/lib/system/libsystem_asl.dylib
0x00007fff7d72f000 	/usr/lib/system/libsystem_blocks.dylib
0x00007fff7d730000 	/usr/lib/system/libsystem_c.dylib
0x00007fff7d7b9000 	/usr/lib/system/libsystem_configuration.dylib
0x00007fff7d7bd000 	/usr/lib/system/libsystem_coreservices.dylib
0x00007fff7d7c1000 	/usr/lib/system/libsystem_darwin.dylib
0x00007fff7d7c8000 	/usr/lib/system/libsystem_dnssd.dylib
0x00007fff7d7cf000 	/usr/lib/system/libsystem_info.dylib
0x00007fff7d844000 	/usr/lib/system/libsystem_m.dylib
0x00007fff7d890000 	/usr/lib/system/libsystem_malloc.dylib
0x00007fff7d8b5000 	/usr/lib/system/libsystem_networkextension.dylib
0x00007fff7d8c1000 	/usr/lib/system/libsystem_notify.dylib
0x00007fff7d8de000 	/usr/lib/system/libsystem_sandbox.dylib
0x00007fff7d8e2000 	/usr/lib/system/libsystem_secinit.dylib
0x00007fff7d81c000 	/usr/lib/system/libsystem_kernel.dylib
0x00007fff7d8c9000 	/usr/lib/system/libsystem_platform.dylib
0x00007fff7d8d3000 	/usr/lib/system/libsystem_pthread.dylib
0x00007fff7d8e5000 	/usr/lib/system/libsystem_symptoms.dylib
0x00007fff7d8ed000 	/usr/lib/system/libsystem_trace.dylib
0x00007fff7d904000 	/usr/lib/system/libunwind.dylib
0x00007fff7d90a000 	/usr/lib/system/libxpc.dylib
0x00007fff7ad9c000 	/usr/lib/libbsm.0.dylib
0x00007fff7d6fe000 	/usr/lib/system/libkxld.dylib
0x00007fff60e5d000 	/System/Library/PrivateFrameworks/AppleFSCompression.framework/Versions/A/AppleFSCompression
0x00007fff7a9a0000 	/usr/lib/libOpenScriptingUtil.dylib
0x00007fff7b0ff000 	/usr/lib/libcoretls.dylib
0x00007fff7b116000 	/usr/lib/libcoretls_cfhelpers.dylib
0x00007fff7cda4000 	/usr/lib/libpam.2.dylib
0x00007fff7cf67000 	/usr/lib/libsqlite3.dylib
0x00007fff7d3c4000 	/usr/lib/libxar.1.dylib
0x00007fff7adad000 	/usr/lib/libbz2.1.0.dylib
0x00007fff7bd29000 	/usr/lib/liblzma.5.dylib
0x00007fff7c21f000 	/usr/lib/libnetwork.dylib
0x00007fff7ab80000 	/usr/lib/libapple_nghttp2.dylib
0x00007fff7cdab000 	/usr/lib/libpcap.A.dylib
0x00007fff51bf9000 	/System/Library/Frameworks/CoreServices.framework/Versions/A/Frameworks/FSEvents.framework/Versions/A/FSEvents
0x00007fff518d5000 	/System/Library/Frameworks/CoreServices.framework/Versions/A/Frameworks/CarbonCore.framework/Versions/A/CarbonCore
0x00007fff51dce000 	/System/Library/Frameworks/CoreServices.framework/Versions/A/Frameworks/Metadata.framework/Versions/A/Metadata
0x00007fff51e71000 	/System/Library/Frameworks/CoreServices.framework/Versions/A/Frameworks/OSServices.framework/Versions/A/OSServices
0x00007fff51ebd000 	/System/Library/Frameworks/CoreServices.framework/Versions/A/Frameworks/SearchKit.framework/Versions/A/SearchKit
0x00007fff51856000 	/System/Library/Frameworks/CoreServices.framework/Versions/A/Frameworks/AE.framework/Versions/A/AE
0x00007fff51c02000 	/System/Library/Frameworks/CoreServices.framework/Versions/A/Frameworks/LaunchServices.framework/Versions/A/LaunchServices
0x00007fff51bae000 	/System/Library/Frameworks/CoreServices.framework/Versions/A/Frameworks/DictionaryServices.framework/Versions/A/DictionaryServices
0x00007fff51f2c000 	/System/Library/Frameworks/CoreServices.framework/Versions/A/Frameworks/SharedFileList.framework/Versions/A/SharedFileList
0x00007fff5667b000 	/System/Library/Frameworks/NetFS.framework/Versions/A/NetFS
0x00007fff6ff78000 	/System/Library/PrivateFrameworks/NetAuth.framework/Versions/A/NetAuth
0x00007fff7a39c000 	/System/Library/PrivateFrameworks/login.framework/Versions/A/Frameworks/loginsupport.framework/Versions/A/loginsupport
0x00007fff783b8000 	/System/Library/PrivateFrameworks/TCC.framework/Versions/A/TCC
0x00007fff64b53000 	/System/Library/PrivateFrameworks/CoreNLP.framework/Versions/A/CoreNLP
0x00007fff6f9ce000 	/System/Library/PrivateFrameworks/MetadataUtilities.framework/Versions/A/MetadataUtilities
0x00007fff7be0a000 	/usr/lib/libmecabra.dylib
0x00007fff4e956000 	/System/Library/Frameworks/ApplicationServices.framework/Versions/A/Frameworks/ATS.framework/Versions/A/ATS
0x00007fff4ecc1000 	/System/Library/Frameworks/ApplicationServices.framework/Versions/A/Frameworks/ColorSyncLegacy.framework/Versions/A/ColorSyncLegacy
0x00007fff4ed62000 	/System/Library/Frameworks/ApplicationServices.framework/Versions/A/Frameworks/HIServices.framework/Versions/A/HIServices
0x00007fff4edb5000 	/System/Library/Frameworks/ApplicationServices.framework/Versions/A/Frameworks/LangAnalysis.framework/Versions/A/LangAnalysis
0x00007fff4edc4000 	/System/Library/Frameworks/ApplicationServices.framework/Versions/A/Frameworks/PrintCore.framework/Versions/A/PrintCore
0x00007fff4ee11000 	/System/Library/Frameworks/ApplicationServices.framework/Versions/A/Frameworks/QD.framework/Versions/A/QD
0x00007fff4ee4d000 	/System/Library/Frameworks/ApplicationServices.framework/Versions/A/Frameworks/SpeechSynthesis.framework/Versions/A/SpeechSynthesis
0x00007fff7ae3c000 	/usr/lib/libcompression.dylib
0x00007fff50491000 	/System/Library/Frameworks/CoreDisplay.framework/Versions/A/CoreDisplay
0x00007fff5547c000 	/System/Library/Frameworks/MetalPerformanceShaders.framework/Versions/A/MetalPerformanceShaders
0x00007fff4c6ce000 	/System/Library/Frameworks/Accelerate.framework/Versions/A/Frameworks/vImage.framework/Versions/A/vImage
0x00007fff4d933000 	/System/Library/Frameworks/Accelerate.framework/Versions/A/Frameworks/vecLib.framework/Versions/A/vecLib
0x00007fff4d7bb000 	/System/Library/Frameworks/Accelerate.framework/Versions/A/Frameworks/vecLib.framework/Versions/A/libvMisc.dylib
0x00007fff4d61c000 	/System/Library/Frameworks/Accelerate.framework/Versions/A/Frameworks/vecLib.framework/Versions/A/libvDSP.dylib
0x00007fff4cfc3000 	/System/Library/Frameworks/Accelerate.framework/Versions/A/Frameworks/vecLib.framework/Versions/A/libBLAS.dylib
0x00007fff4d1b5000 	/System/Library/Frameworks/Accelerate.framework/Versions/A/Frameworks/vecLib.framework/Versions/A/libLAPACK.dylib
0x00007fff4d56f000 	/System/Library/Frameworks/Accelerate.framework/Versions/A/Frameworks/vecLib.framework/Versions/A/libLinearAlgebra.dylib
0x00007fff4d609000 	/System/Library/Frameworks/Accelerate.framework/Versions/A/Frameworks/vecLib.framework/Versions/A/libSparseBLAS.dylib
0x00007fff4d585000 	/System/Library/Frameworks/Accelerate.framework/Versions/A/Frameworks/vecLib.framework/Versions/A/libQuadrature.dylib
0x00007fff4d16f000 	/System/Library/Frameworks/Accelerate.framework/Versions/A/Frameworks/vecLib.framework/Versions/A/libBNNS.dylib
0x00007fff4d58b000 	/System/Library/Frameworks/Accelerate.framework/Versions/A/Frameworks/vecLib.framework/Versions/A/libSparse.dylib
0x00007fff6c051000 	/System/Library/PrivateFrameworks/GPUWrangler.framework/Versions/A/GPUWrangler
0x00007fff6e3fb000 	/System/Library/PrivateFrameworks/IOAccelerator.framework/Versions/A/IOAccelerator
0x00007fff6e406000 	/System/Library/PrivateFrameworks/IOPresentment.framework/Versions/A/IOPresentment
0x00007fff65936000 	/System/Library/PrivateFrameworks/DSExternalDisplay.framework/Versions/A/DSExternalDisplay
0x00007fff59b30000 	/System/Library/Frameworks/OpenGL.framework/Versions/A/Libraries/libCoreFSCache.dylib
0x00007fff55270000 	/System/Library/Frameworks/MetalPerformanceShaders.framework/Frameworks/MPSCore.framework/Versions/A/MPSCore
0x00007fff55291000 	/System/Library/Frameworks/MetalPerformanceShaders.framework/Frameworks/MPSImage.framework/Versions/A/MPSImage
0x00007fff55338000 	/System/Library/Frameworks/MetalPerformanceShaders.framework/Frameworks/MPSNeuralNetwork.framework/Versions/A/MPSNeuralNetwork
0x00007fff5530f000 	/System/Library/Frameworks/MetalPerformanceShaders.framework/Frameworks/MPSMatrix.framework/Versions/A/MPSMatrix
0x00007fff55460000 	/System/Library/Frameworks/MetalPerformanceShaders.framework/Frameworks/MPSRayIntersector.framework/Versions/A/MPSRayIntersector
0x00007fff6f9f7000 	/System/Library/PrivateFrameworks/MetalTools.framework/Versions/A/MetalTools
0x00007fff60559000 	/System/Library/PrivateFrameworks/AggregateDictionary.framework/Versions/A/AggregateDictionary
0x00007fff7a980000 	/usr/lib/libMobileGestalt.dylib
0x00007fff523f9000 	/System/Library/Frameworks/CoreVideo.framework/Versions/A/CoreVideo
0x00007fff6ceb5000 	/System/Library/PrivateFrameworks/GraphVisualizer.framework/Versions/A/GraphVisualizer
0x00007fff66c61000 	/System/Library/PrivateFrameworks/FaceCore.framework/Versions/A/FaceCore
0x00007fff59147000 	/System/Library/Frameworks/OpenCL.framework/Versions/A/OpenCL
0x00007fff7a767000 	/usr/lib/libFosl_dynamic.dylib
0x00007fff7084d000 	/System/Library/PrivateFrameworks/OTSVG.framework/Versions/A/OTSVG
0x00007fff4ea5a000 	/System/Library/Frameworks/ApplicationServices.framework/Versions/A/Frameworks/ATS.framework/Versions/A/Resources/libFontParser.dylib
0x00007fff4eb7a000 	/System/Library/Frameworks/ApplicationServices.framework/Versions/A/Frameworks/ATS.framework/Versions/A/Resources/libFontRegistry.dylib
0x00007fff53382000 	/System/Library/Frameworks/ImageIO.framework/Versions/A/Resources/libJPEG.dylib
0x00007fff536a5000 	/System/Library/Frameworks/ImageIO.framework/Versions/A/Resources/libTIFF.dylib
0x00007fff5367b000 	/System/Library/Frameworks/ImageIO.framework/Versions/A/Resources/libPng.dylib
0x00007fff53297000 	/System/Library/Frameworks/ImageIO.framework/Versions/A/Resources/libGIF.dylib
0x00007fff5329c000 	/System/Library/Frameworks/ImageIO.framework/Versions/A/Resources/libJP2.dylib
0x00007fff536a2000 	/System/Library/Frameworks/ImageIO.framework/Versions/A/Resources/libRadiance.dylib
0x00007fff60fb6000 	/System/Library/PrivateFrameworks/AppleJPEG.framework/Versions/A/AppleJPEG
0x00007fff59b3b000 	/System/Library/Frameworks/OpenGL.framework/Versions/A/Libraries/libGFXShared.dylib
0x00007fff59cfe000 	/System/Library/Frameworks/OpenGL.framework/Versions/A/Libraries/libGLU.dylib
0x00007fff59b44000 	/System/Library/Frameworks/OpenGL.framework/Versions/A/Libraries/libGL.dylib
0x00007fff59b50000 	/System/Library/Frameworks/OpenGL.framework/Versions/A/Libraries/libGLImage.dylib
0x00007fff59b2d000 	/System/Library/Frameworks/OpenGL.framework/Versions/A/Libraries/libCVMSPluginSupport.dylib
0x00007fff59b36000 	/System/Library/Frameworks/OpenGL.framework/Versions/A/Libraries/libCoreVMClient.dylib
0x00007fff7b78e000 	/usr/lib/libcups.2.dylib
0x00007fff54788000 	/System/Library/Frameworks/Kerberos.framework/Versions/A/Kerberos
0x00007fff52d57000 	/System/Library/Frameworks/GSS.framework/Versions/A/GSS
0x00007fff7cefb000 	/usr/lib/libresolv.9.dylib
0x00007fff7b985000 	/usr/lib/libiconv.2.dylib
0x00007fff6cfab000 	/System/Library/PrivateFrameworks/Heimdal.framework/Versions/A/Heimdal
0x00007fff7b954000 	/usr/lib/libheimdal-asn1.dylib
0x00007fff591be000 	/System/Library/Frameworks/OpenDirectory.framework/Versions/A/OpenDirectory
0x00007fff63864000 	/System/Library/PrivateFrameworks/CommonAuth.framework/Versions/A/CommonAuth
0x00007fff591a1000 	/System/Library/Frameworks/OpenDirectory.framework/Versions/A/Frameworks/CFOpenDirectory.framework/Versions/A/CFOpenDirectory
0x00007fff5c321000 	/System/Library/Frameworks/SecurityFoundation.framework/Versions/A/SecurityFoundation
0x00007fff5fa78000 	/System/Library/PrivateFrameworks/APFS.framework/Versions/A/APFS
0x00007fff7d3c0000 	/usr/lib/libutil.dylib
0x00007fff7ae2a000 	/usr/lib/libcharset.1.dylib
0x00007fff6124f000 	/System/Library/PrivateFrameworks/AppleSauce.framework/Versions/A/AppleSauce
0x00007fff613dd000 	/System/Library/PrivateFrameworks/AssertionServices.framework/Versions/A/AssertionServices
0x00007fff61c44000 	/System/Library/PrivateFrameworks/BaseBoard.framework/Versions/A/BaseBoard
0x00007fff7bd59000 	/usr/lib/libmecab.1.0.0.dylib
0x00007fff7b94e000 	/usr/lib/libgermantok.dylib
0x00007fff7ab6c000 	/usr/lib/libThaiTokenizer.dylib
0x00007fff7a693000 	/usr/lib/libChineseTokenizer.dylib
0x00007fff6eb2e000 	/System/Library/PrivateFrameworks/LanguageModeling.framework/Versions/A/LanguageModeling
0x00007fff6456a000 	/System/Library/PrivateFrameworks/CoreEmoji.framework/Versions/A/CoreEmoji
0x00007fff6ec26000 	/System/Library/PrivateFrameworks/Lexicon.framework/Versions/A/Lexicon
0x00007fff6ec6e000 	/System/Library/PrivateFrameworks/LinguisticData.framework/Versions/A/LinguisticData
0x00007fff7ae2b000 	/usr/lib/libcmph.dylib
0x00007fff5c3e2000 	/System/Library/Frameworks/ServiceManagement.framework/Versions/A/ServiceManagement
0x00007fff61b97000 	/System/Library/PrivateFrameworks/BackgroundTaskManagement.framework/Versions/A/BackgroundTaskManagement
0x00007fff7d4ba000 	/usr/lib/libxslt.1.dylib
0x00007fff4fb49000 	/System/Library/Frameworks/Carbon.framework/Versions/A/Frameworks/Ink.framework/Versions/A/Ink
0x00007fff78634000 	/System/Library/PrivateFrameworks/TextureIO.framework/Versions/A/TextureIO
0x00007fff7abc1000 	/usr/lib/libate.dylib
0x00007fff65892000 	/System/Library/PrivateFrameworks/CrashReporterSupport.framework/Versions/A/CrashReporterSupport
0x00007fff75664000 	/System/Library/PrivateFrameworks/Sharing.framework/Versions/A/Sharing
0x00007fff61723000 	/System/Library/PrivateFrameworks/AuthKit.framework/Versions/A/AuthKit
0x00007fff60b55000 	/System/Library/PrivateFrameworks/Apple80211.framework/Versions/A/Apple80211
0x00007fff65658000 	/System/Library/PrivateFrameworks/CoreUtils.framework/Versions/A/CoreUtils
0x00007fff52437000 	/System/Library/Frameworks/CoreWLAN.framework/Versions/A/CoreWLAN
0x00007fff52ea0000 	/System/Library/Frameworks/IOBluetooth.framework/Versions/A/IOBluetooth
0x00007fff739ce000 	/System/Library/PrivateFrameworks/ProtocolBuffer.framework/Versions/A/ProtocolBuffer
0x00007fff6fc33000 	/System/Library/PrivateFrameworks/MobileKeyBag.framework/Versions/A/MobileKeyBag
0x00007fff64e80000 	/System/Library/PrivateFrameworks/CorePhoneNumbers.framework/Versions/A/CorePhoneNumbers
0x00007fff60f6a000 	/System/Library/PrivateFrameworks/AppleIDAuthSupport.framework/Versions/A/AppleIDAuthSupport
0x00007fff6eb00000 	/System/Library/PrivateFrameworks/KeychainCircle.framework/Versions/A/KeychainCircle
0x00007fff73b9b000 	/System/Library/PrivateFrameworks/ROCKit.framework/Versions/A/ROCKit
0x00007fff6582e000 	/System/Library/PrivateFrameworks/CoreWiFi.framework/Versions/A/CoreWiFi
0x00007fff500b6000 	/System/Library/Frameworks/CoreBluetooth.framework/Versions/A/CoreBluetooth
0x00007fff65a82000 	/System/Library/PrivateFrameworks/DebugSymbols.framework/Versions/A/DebugSymbols
0x00007fff6540d000 	/System/Library/PrivateFrameworks/CoreSymbolication.framework/Versions/A/CoreSymbolication
0x00007fff77e22000 	/System/Library/PrivateFrameworks/Symbolication.framework/Versions/A/Symbolication
0x00007fff76fb4000 	/System/Library/PrivateFrameworks/SpeechRecognitionCore.framework/Versions/A/SpeechRecognitionCore
0x0000000104e00000 	/Applications/IntelliJ IDEA CE.app/Contents/jbr/Contents/Home/lib/server/libjvm.dylib
0x00000001045e5000 	/Applications/IntelliJ IDEA CE.app/Contents/jbr/Contents/Home/lib/libverify.dylib
0x0000000105b62000 	/Applications/IntelliJ IDEA CE.app/Contents/jbr/Contents/Home/lib/libjava.dylib
0x0000000105bce000 	/Applications/IntelliJ IDEA CE.app/Contents/jbr/Contents/Home/lib/libzip.dylib
0x0000000105bdb000 	/Applications/IntelliJ IDEA CE.app/Contents/jbr/Contents/Home/lib/libjimage.dylib
0x000000010882d000 	/Applications/IntelliJ IDEA CE.app/Contents/jbr/Contents/Home/lib/libnio.dylib
0x0000000108840000 	/Applications/IntelliJ IDEA CE.app/Contents/jbr/Contents/Home/lib/./libnet.dylib
0x0000000108917000 	/Applications/IntelliJ IDEA CE.app/Contents/jbr/Contents/Home/lib/libmanagement.dylib
0x0000000108921000 	/Applications/IntelliJ IDEA CE.app/Contents/jbr/Contents/Home/lib/libmanagement_ext.dylib
0x000000010897f000 	/Applications/IntelliJ IDEA CE.app/Contents/jbr/Contents/Home/lib/libattach.dylib


VM Arguments:
java_command: /Users/feriel/Library/Application Support/JetBrains/IdeaIC2020.1/plugins/idea-spring-tools/lib/server/language-server.jar
java_class_path (initial): /Users/feriel/Library/Application Support/JetBrains/IdeaIC2020.1/plugins/idea-spring-tools/lib/server/language-server.jar
Launcher Type: SUN_STANDARD

[Global flags]
     intx CICompilerCount                          = 3                                         {product} {ergonomic}
     uint ConcGCThreads                            = 1                                         {product} {ergonomic}
     uint G1ConcRefinementThreads                  = 4                                         {product} {ergonomic}
   size_t G1HeapRegionSize                         = 1048576                                   {product} {ergonomic}
    uintx GCDrainStackTargetSize                   = 64                                        {product} {ergonomic}
   size_t InitialHeapSize                          = 100663296                                 {product} {ergonomic}
   size_t MarkStackSize                            = 4194304                                   {product} {ergonomic}
   size_t MaxHeapSize                              = 1610612736                                {product} {ergonomic}
   size_t MaxNewSize                               = 965738496                                 {product} {ergonomic}
   size_t MinHeapDeltaBytes                        = 1048576                                   {product} {ergonomic}
    uintx NonNMethodCodeHeapSize                   = 5830732                                {pd product} {ergonomic}
    uintx NonProfiledCodeHeapSize                  = 122913754                              {pd product} {ergonomic}
    uintx ProfiledCodeHeapSize                     = 122913754                              {pd product} {ergonomic}
    uintx ReservedCodeCacheSize                    = 251658240                              {pd product} {ergonomic}
     bool SegmentedCodeCache                       = true                                      {product} {ergonomic}
     bool UseCompressedClassPointers               = true                                 {lp64_product} {ergonomic}
     bool UseCompressedOops                        = true                                 {lp64_product} {ergonomic}
     bool UseG1GC                                  = true                                      {product} {ergonomic}

Logging:
Log output configuration:
 #0: stdout all=warning uptime,level,tags
 #1: stderr all=off uptime,level,tags

Environment Variables:
PATH=/usr/bin:/bin:/usr/sbin:/sbin
SHELL=/bin/bash

Signal Handlers:
SIGSEGV: [libjvm.dylib+0x749d44], sa_mask[0]=11111111011111110111111111111111, sa_flags=SA_ONSTACK|SA_RESTART|SA_SIGINFO
SIGBUS: [libjvm.dylib+0x749d44], sa_mask[0]=11111111011111110111111111111111, sa_flags=SA_RESTART|SA_SIGINFO
SIGFPE: [libjvm.dylib+0x749d44], sa_mask[0]=11111111011111110111111111111111, sa_flags=SA_RESTART|SA_SIGINFO
SIGPIPE: [libjvm.dylib+0x5f8884], sa_mask[0]=11111111011111110111111111111111, sa_flags=SA_RESTART|SA_SIGINFO
SIGXFSZ: [libjvm.dylib+0x5f8884], sa_mask[0]=11111111011111110111111111111111, sa_flags=SA_RESTART|SA_SIGINFO
SIGILL: [libjvm.dylib+0x749d44], sa_mask[0]=11111111011111110111111111111111, sa_flags=SA_RESTART|SA_SIGINFO
SIGUSR2: [libjvm.dylib+0x5f8e69], sa_mask[0]=00100000000000000000000000000000, sa_flags=SA_RESTART|SA_SIGINFO
SIGHUP: [libjvm.dylib+0x5f799b], sa_mask[0]=11111111011111110111111111111111, sa_flags=SA_RESTART|SA_SIGINFO
SIGINT: [libjvm.dylib+0x5f799b], sa_mask[0]=11111111011111110111111111111111, sa_flags=SA_RESTART|SA_SIGINFO
SIGTERM: [libjvm.dylib+0x5f799b], sa_mask[0]=11111111011111110111111111111111, sa_flags=SA_RESTART|SA_SIGINFO
SIGQUIT: [libjvm.dylib+0x5f799b], sa_mask[0]=11111111011111110111111111111111, sa_flags=SA_RESTART|SA_SIGINFO


---------------  S Y S T E M  ---------------

OS:uname:Darwin 18.0.0 Darwin Kernel Version 18.0.0: Wed Aug 22 20:13:40 PDT 2018; root:xnu-4903.201.2~1/RELEASE_X86_64 x86_64
OS uptime: 0 days 3:26 hours
rlimit: STACK 8192k, CORE 0k, NPROC 709, NOFILE 10240, AS infinity, CPU infinity, DATA infinity, FSIZE infinity
load average:2.57 2.78 2.59

CPU:total 4 (initial active 4) (2 cores per cpu, 2 threads per core) family 6 model 58 stepping 9, cmov, cx8, fxsr, mmx, sse, sse2, sse3, ssse3, sse4.1, sse4.2, popcnt, avx, aes, clmul, erms, ht, tsc, tscinvbit, tscinv

Memory: 4k page, physical 6291456k(217840k free), swap 1048576k(810496k free)

vm_info: OpenJDK 64-Bit Server VM (11.0.7+10-b765.65) for bsd-amd64 JRE (11.0.7+10-b765.65), built on Jul 13 2020 05:50:39 by "builduser" with gcc 4.2.1 Compatible Apple LLVM 9.1.0 (clang-902.0.39.2)

END.
