#
# A fatal error has been detected by the Java Runtime Environment:
#
#  SIGSEGV (0xb) at pc=0x0000000106328927, pid=1919, tid=24067
#
# JRE version: OpenJDK Runtime Environment (11.0.7+10) (build 11.0.7+10-b765.65)
# Java VM: OpenJDK 64-Bit Server VM (11.0.7+10-b765.65, mixed mode, tiered, compressed oops, g1 gc, bsd-amd64)
# Problematic frame:
# V  [libjvm.dylib+0x328927]  void G1ParScanThreadState::update_rs<unsigned int>(HeapRegion*, unsigned int*, oopDesc*)+0x33
#
# No core dump will be written. Core dumps have been disabled. To enable core dumping, try "ulimit -c unlimited" before starting Java again
#
# If you would like to submit a bug report, please visit:
#   http://bugreport.java.com/bugreport/crash.jsp
#

---------------  S U M M A R Y ------------

Command Line: /Users/feriel/Library/Application Support/JetBrains/IdeaIC2020.1/plugins/idea-spring-tools/lib/server/language-server.jar

Host: MacBookPro9,2 x86_64 2500 MHz, 4 cores, 6G, Darwin 18.0.0
Time: Sun Dec 27 18:15:30 2020 CET elapsed time: 1 seconds (0d 0h 0m 1s)

---------------  T H R E A D  ---------------

Current thread (0x00007ff3ce198000):  GCTaskThread "GC Thread#1" [stack: 0x00007000093e4000,0x00007000094e4000] [id=24067]

Stack: [0x00007000093e4000,0x00007000094e4000],  sp=0x00007000094e39f0,  free space=1022k
Native frames: (J=compiled Java code, A=aot compiled Java code, j=interpreted, Vv=VM code, C=native code)
V  [libjvm.dylib+0x328927]  void G1ParScanThreadState::update_rs<unsigned int>(HeapRegion*, unsigned int*, oopDesc*)+0x33
V  [libjvm.dylib+0x3236ff]  void ObjArrayKlass::oop_oop_iterate_elements<unsigned int, G1ScanEvacuatedObjClosure>(objArrayOopDesc*, G1ScanEvacuatedObjClosure*)+0x3f
V  [libjvm.dylib+0x322769]  G1ParScanThreadState::copy_to_survivor_space(InCSetState, oopDesc*, markOopDesc*)+0x491
V  [libjvm.dylib+0x2f9073]  void G1ParScanThreadState::do_oop_evac<unsigned int>(unsigned int*)+0xc3
V  [libjvm.dylib+0x32216f]  G1ParScanThreadState::trim_queue_to_threshold(unsigned int)+0x18f
V  [libjvm.dylib+0x332c11]  void G1ParCopyClosure<(G1Barrier)1, (G1Mark)0>::do_oop_work<oopDesc*>(oopDesc**)+0x12d
V  [libjvm.dylib+0x1eec16]  ClassLoaderData::ChunkedHandleList::oops_do(OopClosure*)+0x6a
V  [libjvm.dylib+0x320bf9]  G1CLDScanClosure::do_cld(ClassLoaderData*)+0x43
V  [libjvm.dylib+0x1f0330]  ClassLoaderDataGraph::roots_cld_do(CLDClosure*, CLDClosure*)+0x32
V  [libjvm.dylib+0x3349c4]  G1RootProcessor::process_java_roots(G1RootClosures*, G1GCPhaseTimes*, unsigned int)+0x62
V  [libjvm.dylib+0x3347d1]  G1RootProcessor::evacuate_roots(G1ParScanThreadState*, unsigned int)+0x5d
V  [libjvm.dylib+0x2fa47f]  G1ParTask::work(unsigned int)+0xbf
V  [libjvm.dylib+0x770bb3]  GangWorker::loop()+0x43
V  [libjvm.dylib+0x6f0be4]  Thread::call_run()+0x68
V  [libjvm.dylib+0x5f66f3]  thread_native_entry(Thread*)+0x139
C  [libsystem_pthread.dylib+0x333d]  _pthread_body+0x7e
C  [libsystem_pthread.dylib+0x62a7]  _pthread_start+0x46
C  [libsystem_pthread.dylib+0x2425]  thread_start+0xd


siginfo: si_signo: 11 (SIGSEGV), si_code: 1 (SEGV_MAPERR), si_addr: 0x00000000000000f8

Register to memory mapping:

RAX=0x0 is NULL
RBX=0x00000007a0375bf4 is pointing into object: [Ljava.lang.invoke.MethodType; 
{0x00000007a0375bd8} - klass: 'java/lang/invoke/MethodType'[]
 - length: 5
RCX=0x00007ff3cdfd0e00 points into unknown readable memory: 00 00 00 00 00 00 00 00
RDX=0x00007ff3ce01d000 points into unknown readable memory: 70 cc 8c 06 01 00 00 00
RSP=0x00007000094e39f0 points into unknown readable memory: f4 5b 37 a0 07 00 00 00
RBP=0x00007000094e3a00 points into unknown readable memory: 30 3a 4e 09 00 70 00 00
RSI=0x00007ff3cdd07770 points into unknown readable memory: 90 ef 8c 06 01 00 00 00
RDI=0x00007ff3cdd51070 points into unknown readable memory: a0 dc 8c 06 01 00 00 00
R8 =0x0 is NULL
R9 =0x0000000000000005 is an unknown value
R10=0x0000000106916d10: _ZN8Universe13_narrow_klassE+0 in /Applications/IntelliJ IDEA CE.app/Contents/jbr/Contents/Home/lib/server/libjvm.dylib at 0x0000000106000000
R11=0xfffffffffb2c5e98 is an unknown value
R12=0x00000007a0375b02 is pointing into object: [Ljava.lang.Object; 
{0x00000007a0375a58} - klass: 'java/lang/Object'[]
 - length: 63
R13=0x00000007a50af520 is an oop: [Ljava.lang.invoke.MethodType; 
{0x00000007a50af520} - klass: 'java/lang/invoke/MethodType'[]
 - length: 5
R14=0x00007ff3cdd51070 points into unknown readable memory: a0 dc 8c 06 01 00 00 00
R15=0x00000007a0375bfc is pointing into object: [Ljava.lang.invoke.MethodType; 
{0x00000007a0375bd8} - klass: 'java/lang/invoke/MethodType'[]
 - length: 5


Registers:
RAX=0x0000000000000000, RBX=0x00000007a0375bf4, RCX=0x00007ff3cdfd0e00, RDX=0x00007ff3ce01d000
RSP=0x00007000094e39f0, RBP=0x00007000094e3a00, RSI=0x00007ff3cdd07770, RDI=0x00007ff3cdd51070
R8 =0x0000000000000000, R9 =0x0000000000000005, R10=0x0000000106916d10, R11=0xfffffffffb2c5e98
R12=0x00000007a0375b02, R13=0x00000007a50af520, R14=0x00007ff3cdd51070, R15=0x00000007a0375bfc
RIP=0x0000000106328927, EFLAGS=0x0000000000010206, ERR=0x0000000000000004
  TRAPNO=0x000000000000000e

Top of Stack: (sp=0x00007000094e39f0)
0x00007000094e39f0:   00000007a0375bf4 00007ff3cdd511e0
0x00007000094e3a00:   00007000094e3a30 00000001063236ff
0x00007000094e3a10:   00007ff3cdd511e0 00007ff3cdd51070
0x00007000094e3a20:   000000010693ab81 00000007a0375bd8
0x00007000094e3a30:   00007000094e3aa0 0000000106322769
0x00007000094e3a40:   0000000000000001 0000000000000001
0x00007000094e3a50:   00000001a03759f4 0000000000000009
0x00007000094e3a60:   0000000000000009 0000000000000005
0x00007000094e3a70:   00007ff3cdd51102 00000007a50af520
0x00007000094e3a80:   00000007a0375bcc 00007ff3cdd514e0
0x00007000094e3a90:   00007ff3cdd51070 0000000106916d00
0x00007000094e3aa0:   00007000094e3ad0 00000001062f9073
0x00007000094e3ab0:   00007ff3cdd51070 000000000001ffff
0x00007000094e3ac0:   0000000000000040 00007ff3cdd51070
0x00007000094e3ad0:   00007000094e3b20 000000010632216f
0x00007000094e3ae0:   00007000094e3af0 00000007a0375bcd
0x00007000094e3af0:   00007000094e3b00 00000001065f6b8f
0x00007000094e3b00:   00007ff3cdd51070 000000000001ffff
0x00007000094e3b10:   000000011be4cec4 000000007503e7fd
0x00007000094e3b20:   00007000094e3b50 0000000106332c11
0x00007000094e3b30:   00007ff3cdf1e9f8 0000000000000003
0x00007000094e3b40:   00007ff3cdf1e910 00007ff3cdd51518
0x00007000094e3b50:   00007000094e3b80 00000001061eec16
0x00007000094e3b60:   00007ff3cdc21d70 00007ff3cdc17ee0
0x00007000094e3b70:   00007ff3cdd51548 00007ff3cdd51548
0x00007000094e3b80:   00007000094e3bc0 0000000106320bf9
0x00007000094e3b90:   00000001068cdc00 00007ff3cdc21d70
0x00007000094e3ba0:   00007ff3cdc17ee0 00007ff3cdd514e0
0x00007000094e3bb0:   00007ff3cdd51548 00007ff3cdd51548
0x00007000094e3bc0:   00007000094e3bf0 00000001061f0330
0x00007000094e3bd0:   00007ff3cdd51548 00007ff3cdd51548
0x00007000094e3be0:   00007000089c2548 0000000000000001 

Instructions: (pc=0x0000000106328927)
0x0000000106328827:   5d b8 48 89 43 f0 e8 be 02 01 00 89 43 f8 48 8d
0x0000000106328837:   05 9c b6 5c 00 48 89 43 e8 48 89 df 44 89 e6 e8
0x0000000106328847:   13 a7 04 00 4c 89 7b 10 44 89 73 18 4c 8d 75 a0
0x0000000106328857:   4c 89 ef 4c 89 f6 44 89 e2 e8 f1 80 44 00 48 8d
0x0000000106328867:   05 6c b6 5c 00 49 89 06 48 89 df e8 07 a7 04 00
0x0000000106328877:   48 83 c4 38 5b 41 5c 41 5d 41 5e 41 5f 5d c3 90
0x0000000106328887:   90 55 48 89 e5 5d e9 94 02 01 00 55 48 89 e5 31
0x0000000106328897:   c0 5d c3 90 90 55 48 89 e5 53 50 48 89 fb 48 8b
0x00000001063288a7:   7b 08 48 85 ff 74 05 e8 22 6e db ff 48 8b 7b 10
0x00000001063288b7:   48 85 ff 74 05 e8 14 6e db ff 48 8b 7b 18 48 85
0x00000001063288c7:   ff 74 05 e8 06 6e db ff 48 8b 7b 20 48 85 ff 74
0x00000001063288d7:   05 e8 f8 6d db ff 48 8b 7b 30 48 83 c4 08 48 85
0x00000001063288e7:   ff 74 07 5b 5d e9 e4 6d db ff 5b 5d c3 55 48 89
0x00000001063288f7:   e5 41 56 53 48 89 c8 48 89 d3 49 89 fe 8b 8e 04
0x0000000106328907:   01 00 00 f6 c1 02 75 66 49 8b 56 08 8a 8a c0 02
0x0000000106328917:   00 00 48 d3 e8 48 8b 8a b0 02 00 00 48 8b 04 c1
0x0000000106328927:   48 8b 80 f8 00 00 00 83 b8 18 01 00 00 00 74 3e
0x0000000106328937:   49 8b 7e 50 48 c1 eb 09 48 03 5f 48 48 2b 5f 40
0x0000000106328947:   48 89 de e8 6b 75 fc ff 84 c0 74 22 41 80 7e 28
0x0000000106328957:   00 74 1b 49 8b 46 50 49 83 c6 18 48 03 58 40 4c
0x0000000106328967:   89 f7 48 89 de 5b 41 5e 5d e9 df 33 32 00 5b 41
0x0000000106328977:   5e 5d c3 90 90 55 48 89 e5 41 56 53 48 89 c8 48
0x0000000106328987:   89 d3 49 89 fe 8b 8e 04 01 00 00 f6 c1 02 75 66
0x0000000106328997:   49 8b 56 08 8a 8a c0 02 00 00 48 d3 e8 48 8b 8a
0x00000001063289a7:   b0 02 00 00 48 8b 04 c1 48 8b 80 f8 00 00 00 83
0x00000001063289b7:   b8 18 01 00 00 00 74 3e 49 8b 7e 50 48 c1 eb 09
0x00000001063289c7:   48 03 5f 48 48 2b 5f 40 48 89 de e8 e3 74 fc ff
0x00000001063289d7:   84 c0 74 22 41 80 7e 28 00 74 1b 49 8b 46 50 49
0x00000001063289e7:   83 c6 18 48 03 58 40 4c 89 f7 48 89 de 5b 41 5e
0x00000001063289f7:   5d e9 57 33 32 00 5b 41 5e 5d c3 90 90 55 48 89
0x0000000106328a07:   e5 48 8d 05 72 21 61 00 85 c9 74 19 44 8a 08 31
0x0000000106328a17:   c0 45 84 c9 0f 94 c0 48 8d 04 c6 48 63 c9 48 8d 


Stack slot to memory mapping:
stack at sp + 0 slots: 0x00000007a0375bf4 is pointing into object: [Ljava.lang.invoke.MethodType; 
{0x00000007a0375bd8} - klass: 'java/lang/invoke/MethodType'[]
 - length: 5
stack at sp + 1 slots: 0x00007ff3cdd511e0 points into unknown readable memory: a8 39 8f 06 01 00 00 00
stack at sp + 2 slots: 0x00007000094e3a30 points into unknown readable memory: a0 3a 4e 09 00 70 00 00
stack at sp + 3 slots: 0x00000001063236ff: _ZN13ObjArrayKlass24oop_oop_iterate_elementsIj25G1ScanEvacuatedObjClosureEEvP15objArrayOopDescPT0_+0x3f in /Applications/IntelliJ IDEA CE.app/Contents/jbr/Contents/Home/lib/server/libjvm.dylib at 0x0000000106000000
stack at sp + 4 slots: 0x00007ff3cdd511e0 points into unknown readable memory: a8 39 8f 06 01 00 00 00
stack at sp + 5 slots: 0x00007ff3cdd51070 points into unknown readable memory: a0 dc 8c 06 01 00 00 00
stack at sp + 6 slots: 0x000000010693ab81: UseCompressedClassPointers+0 in /Applications/IntelliJ IDEA CE.app/Contents/jbr/Contents/Home/lib/server/libjvm.dylib at 0x0000000106000000
stack at sp + 7 slots: 0x00000007a0375bd8 is an oop: [Ljava.lang.invoke.MethodType; 
{0x00000007a0375bd8} - klass: 'java/lang/invoke/MethodType'[]
 - length: 5


---------------  P R O C E S S  ---------------

Threads class SMR info:
_java_thread_list=0x00007ff3cdd47b80, length=10, elements={
0x00007ff3ce01c800, 0x00007ff3ce05f000, 0x00007ff3ce857000, 0x00007ff3ce85a000,
0x00007ff3ce003800, 0x00007ff3ce85c000, 0x00007ff3ce04a800, 0x00007ff3cf003800,
0x00007ff3ce085000, 0x00007ff3cf03e800
}

Java Threads: ( => current thread )
  0x00007ff3ce01c800 JavaThread "main" [_thread_blocked, id=9475, stack(0x00007000082b1000,0x00007000083b1000)]
  0x00007ff3ce05f000 JavaThread "Reference Handler" daemon [_thread_blocked, id=18691, stack(0x00007000089c6000,0x0000700008ac6000)]
  0x00007ff3ce857000 JavaThread "Finalizer" daemon [_thread_blocked, id=15619, stack(0x0000700008ac9000,0x0000700008bc9000)]
  0x00007ff3ce85a000 JavaThread "Signal Dispatcher" daemon [_thread_blocked, id=16899, stack(0x0000700008bcc000,0x0000700008ccc000)]
  0x00007ff3ce003800 JavaThread "C2 CompilerThread0" daemon [_thread_blocked, id=43011, stack(0x0000700008ccf000,0x0000700008dcf000)]
  0x00007ff3ce85c000 JavaThread "C1 CompilerThread0" daemon [_thread_blocked, id=22275, stack(0x0000700008dd2000,0x0000700008ed2000)]
  0x00007ff3ce04a800 JavaThread "Sweeper thread" daemon [_thread_blocked, id=42243, stack(0x0000700008ed5000,0x0000700008fd5000)]
  0x00007ff3cf003800 JavaThread "Service Thread" daemon [_thread_blocked, id=41475, stack(0x0000700008fd8000,0x00007000090d8000)]
  0x00007ff3ce085000 JavaThread "Common-Cleaner" daemon [_thread_blocked, id=40963, stack(0x00007000091de000,0x00007000092de000)]
  0x00007ff3cf03e800 JavaThread "C2 CompilerThread1" daemon [_thread_in_native, id=40451, stack(0x00007000092e1000,0x00007000093e1000)]

Other Threads:
  0x00007ff3cf837800 VMThread "VM Thread" [stack: 0x00007000088c3000,0x00007000089c3000] [id=19203]
  0x00007ff3cf800000 WatcherThread [stack: 0x00007000090db000,0x00007000091db000] [id=41219]
  0x00007ff3ce023800 GCTaskThread "GC Thread#0" [stack: 0x00007000083b4000,0x00007000084b4000] [id=12291]
=>0x00007ff3ce198000 GCTaskThread "GC Thread#1" [stack: 0x00007000093e4000,0x00007000094e4000] [id=24067]
  0x00007ff3ce03e800 ConcurrentGCThread "G1 Main Marker" [stack: 0x00007000084b7000,0x00007000085b7000] [id=12803]
  0x00007ff3ce03f800 ConcurrentGCThread "G1 Conc#0" [stack: 0x00007000085ba000,0x00007000086ba000] [id=13315]
  0x00007ff3ce852800 ConcurrentGCThread "G1 Refine#0" [stack: 0x00007000086bd000,0x00007000087bd000] [id=13571]
  0x00007ff3ce861800 ConcurrentGCThread "G1 Refine#1" [stack: 0x00007000094e7000,0x00007000095e7000] [id=24323]
  0x00007ff3ce040000 ConcurrentGCThread "G1 Young RemSet Sampling" [stack: 0x00007000087c0000,0x00007000088c0000] [id=14083]

Threads with active compile tasks:
C1 CompilerThread0   1996  679       3       org.springframework.boot.loader.jar.JarFileEntries::getEntryData (71 bytes)
C2 CompilerThread1   1996  589   !   4       java.util.jar.Attributes::read (388 bytes)

VM state:at safepoint (normal execution)

VM Mutex/Monitor currently owned by a thread:  ([mutex/lock_event])
[0x00007ff3cdc12dc0] Threads_lock - owner thread: 0x00007ff3cf837800
[0x00007ff3cdc134c0] Heap_lock - owner thread: 0x00007ff3ce01c800

Heap address: 0x00000007a0000000, size: 1536 MB, Compressed Oops mode: Zero based, Oop shift amount: 3
Narrow klass base: 0x0000000800000000, Narrow klass shift: 0
Compressed class space size: 1073741824 Address: 0x0000000800000000

Heap:
 garbage-first heap   total 98304K, used 10809K [0x00000007a0000000, 0x0000000800000000)
  region size 1024K, 8 young (8192K), 1 survivors (1024K)
 Metaspace       used 8284K, capacity 8420K, committed 8704K, reserved 1056768K
  class space    used 703K, capacity 742K, committed 768K, reserved 1048576K
Heap Regions: E=young(eden), S=young(survivor), O=old, HS=humongous(starts), HC=humongous(continues), CS=collection set, F=free, A=archive, TAMS=top-at-mark-start (previous, next)
|   0|0x00000007a0000000, 0x00000007a0100000, 0x00000007a0100000|100%| O|  |TAMS 0x00000007a0000000, 0x00000007a0000000| Untracked 
|   1|0x00000007a0100000, 0x00000007a0200000, 0x00000007a0200000|100%| O|  |TAMS 0x00000007a0100000, 0x00000007a0100000| Untracked 
|   2|0x00000007a0200000, 0x00000007a0300000, 0x00000007a0300000|100%| O|  |TAMS 0x00000007a0200000, 0x00000007a0200000| Untracked 
|   3|0x00000007a0300000, 0x00000007a037cb40, 0x00000007a0400000| 48%| O|  |TAMS 0x00000007a0300000, 0x00000007a0300000| Untracked 
|   4|0x00000007a0400000, 0x00000007a0400000, 0x00000007a0500000|  0%| F|  |TAMS 0x00000007a0400000, 0x00000007a0400000| Untracked 
|   5|0x00000007a0500000, 0x00000007a0500000, 0x00000007a0600000|  0%| F|  |TAMS 0x00000007a0500000, 0x00000007a0500000| Untracked 
|   6|0x00000007a0600000, 0x00000007a0600000, 0x00000007a0700000|  0%| F|  |TAMS 0x00000007a0600000, 0x00000007a0600000| Untracked 
|   7|0x00000007a0700000, 0x00000007a0700000, 0x00000007a0800000|  0%| F|  |TAMS 0x00000007a0700000, 0x00000007a0700000| Untracked 
|   8|0x00000007a0800000, 0x00000007a0800000, 0x00000007a0900000|  0%| F|  |TAMS 0x00000007a0800000, 0x00000007a0800000| Untracked 
|   9|0x00000007a0900000, 0x00000007a0900000, 0x00000007a0a00000|  0%| F|  |TAMS 0x00000007a0900000, 0x00000007a0900000| Untracked 
|  10|0x00000007a0a00000, 0x00000007a0a00000, 0x00000007a0b00000|  0%| F|  |TAMS 0x00000007a0a00000, 0x00000007a0a00000| Untracked 
|  11|0x00000007a0b00000, 0x00000007a0b00000, 0x00000007a0c00000|  0%| F|  |TAMS 0x00000007a0b00000, 0x00000007a0b00000| Untracked 
|  12|0x00000007a0c00000, 0x00000007a0c00000, 0x00000007a0d00000|  0%| F|  |TAMS 0x00000007a0c00000, 0x00000007a0c00000| Untracked 
|  13|0x00000007a0d00000, 0x00000007a0d00000, 0x00000007a0e00000|  0%| F|  |TAMS 0x00000007a0d00000, 0x00000007a0d00000| Untracked 
|  14|0x00000007a0e00000, 0x00000007a0e00000, 0x00000007a0f00000|  0%| F|  |TAMS 0x00000007a0e00000, 0x00000007a0e00000| Untracked 
|  15|0x00000007a0f00000, 0x00000007a0f00000, 0x00000007a1000000|  0%| F|  |TAMS 0x00000007a0f00000, 0x00000007a0f00000| Untracked 
|  16|0x00000007a1000000, 0x00000007a1000000, 0x00000007a1100000|  0%| F|  |TAMS 0x00000007a1000000, 0x00000007a1000000| Untracked 
|  17|0x00000007a1100000, 0x00000007a1100000, 0x00000007a1200000|  0%| F|  |TAMS 0x00000007a1100000, 0x00000007a1100000| Untracked 
|  18|0x00000007a1200000, 0x00000007a1200000, 0x00000007a1300000|  0%| F|  |TAMS 0x00000007a1200000, 0x00000007a1200000| Untracked 
|  19|0x00000007a1300000, 0x00000007a1300000, 0x00000007a1400000|  0%| F|  |TAMS 0x00000007a1300000, 0x00000007a1300000| Untracked 
|  20|0x00000007a1400000, 0x00000007a1400000, 0x00000007a1500000|  0%| F|  |TAMS 0x00000007a1400000, 0x00000007a1400000| Untracked 
|  21|0x00000007a1500000, 0x00000007a1500000, 0x00000007a1600000|  0%| F|  |TAMS 0x00000007a1500000, 0x00000007a1500000| Untracked 
|  22|0x00000007a1600000, 0x00000007a1600000, 0x00000007a1700000|  0%| F|  |TAMS 0x00000007a1600000, 0x00000007a1600000| Untracked 
|  23|0x00000007a1700000, 0x00000007a1700000, 0x00000007a1800000|  0%| F|  |TAMS 0x00000007a1700000, 0x00000007a1700000| Untracked 
|  24|0x00000007a1800000, 0x00000007a1800000, 0x00000007a1900000|  0%| F|  |TAMS 0x00000007a1800000, 0x00000007a1800000| Untracked 
|  25|0x00000007a1900000, 0x00000007a1900000, 0x00000007a1a00000|  0%| F|  |TAMS 0x00000007a1900000, 0x00000007a1900000| Untracked 
|  26|0x00000007a1a00000, 0x00000007a1a00000, 0x00000007a1b00000|  0%| F|  |TAMS 0x00000007a1a00000, 0x00000007a1a00000| Untracked 
|  27|0x00000007a1b00000, 0x00000007a1b00000, 0x00000007a1c00000|  0%| F|  |TAMS 0x00000007a1b00000, 0x00000007a1b00000| Untracked 
|  28|0x00000007a1c00000, 0x00000007a1c00000, 0x00000007a1d00000|  0%| F|  |TAMS 0x00000007a1c00000, 0x00000007a1c00000| Untracked 
|  29|0x00000007a1d00000, 0x00000007a1d00000, 0x00000007a1e00000|  0%| F|  |TAMS 0x00000007a1d00000, 0x00000007a1d00000| Untracked 
|  30|0x00000007a1e00000, 0x00000007a1e00000, 0x00000007a1f00000|  0%| F|  |TAMS 0x00000007a1e00000, 0x00000007a1e00000| Untracked 
|  31|0x00000007a1f00000, 0x00000007a1f00000, 0x00000007a2000000|  0%| F|  |TAMS 0x00000007a1f00000, 0x00000007a1f00000| Untracked 
|  32|0x00000007a2000000, 0x00000007a2000000, 0x00000007a2100000|  0%| F|  |TAMS 0x00000007a2000000, 0x00000007a2000000| Untracked 
|  33|0x00000007a2100000, 0x00000007a2100000, 0x00000007a2200000|  0%| F|  |TAMS 0x00000007a2100000, 0x00000007a2100000| Untracked 
|  34|0x00000007a2200000, 0x00000007a2200000, 0x00000007a2300000|  0%| F|  |TAMS 0x00000007a2200000, 0x00000007a2200000| Untracked 
|  35|0x00000007a2300000, 0x00000007a2300000, 0x00000007a2400000|  0%| F|  |TAMS 0x00000007a2300000, 0x00000007a2300000| Untracked 
|  36|0x00000007a2400000, 0x00000007a2400000, 0x00000007a2500000|  0%| F|  |TAMS 0x00000007a2400000, 0x00000007a2400000| Untracked 
|  37|0x00000007a2500000, 0x00000007a2500000, 0x00000007a2600000|  0%| F|  |TAMS 0x00000007a2500000, 0x00000007a2500000| Untracked 
|  38|0x00000007a2600000, 0x00000007a2600000, 0x00000007a2700000|  0%| F|  |TAMS 0x00000007a2600000, 0x00000007a2600000| Untracked 
|  39|0x00000007a2700000, 0x00000007a2700000, 0x00000007a2800000|  0%| F|  |TAMS 0x00000007a2700000, 0x00000007a2700000| Untracked 
|  40|0x00000007a2800000, 0x00000007a2800000, 0x00000007a2900000|  0%| F|  |TAMS 0x00000007a2800000, 0x00000007a2800000| Untracked 
|  41|0x00000007a2900000, 0x00000007a2900000, 0x00000007a2a00000|  0%| F|  |TAMS 0x00000007a2900000, 0x00000007a2900000| Untracked 
|  42|0x00000007a2a00000, 0x00000007a2a00000, 0x00000007a2b00000|  0%| F|  |TAMS 0x00000007a2a00000, 0x00000007a2a00000| Untracked 
|  43|0x00000007a2b00000, 0x00000007a2b00000, 0x00000007a2c00000|  0%| F|  |TAMS 0x00000007a2b00000, 0x00000007a2b00000| Untracked 
|  44|0x00000007a2c00000, 0x00000007a2c00000, 0x00000007a2d00000|  0%| F|  |TAMS 0x00000007a2c00000, 0x00000007a2c00000| Untracked 
|  45|0x00000007a2d00000, 0x00000007a2d00000, 0x00000007a2e00000|  0%| F|  |TAMS 0x00000007a2d00000, 0x00000007a2d00000| Untracked 
|  46|0x00000007a2e00000, 0x00000007a2e00000, 0x00000007a2f00000|  0%| F|  |TAMS 0x00000007a2e00000, 0x00000007a2e00000| Untracked 
|  47|0x00000007a2f00000, 0x00000007a2f00000, 0x00000007a3000000|  0%| F|  |TAMS 0x00000007a2f00000, 0x00000007a2f00000| Untracked 
|  48|0x00000007a3000000, 0x00000007a3000000, 0x00000007a3100000|  0%| F|  |TAMS 0x00000007a3000000, 0x00000007a3000000| Untracked 
|  49|0x00000007a3100000, 0x00000007a3100000, 0x00000007a3200000|  0%| F|  |TAMS 0x00000007a3100000, 0x00000007a3100000| Untracked 
|  50|0x00000007a3200000, 0x00000007a3200000, 0x00000007a3300000|  0%| F|  |TAMS 0x00000007a3200000, 0x00000007a3200000| Untracked 
|  51|0x00000007a3300000, 0x00000007a3300000, 0x00000007a3400000|  0%| F|  |TAMS 0x00000007a3300000, 0x00000007a3300000| Untracked 
|  52|0x00000007a3400000, 0x00000007a3400000, 0x00000007a3500000|  0%| F|  |TAMS 0x00000007a3400000, 0x00000007a3400000| Untracked 
|  53|0x00000007a3500000, 0x00000007a3500000, 0x00000007a3600000|  0%| F|  |TAMS 0x00000007a3500000, 0x00000007a3500000| Untracked 
|  54|0x00000007a3600000, 0x00000007a3600000, 0x00000007a3700000|  0%| F|  |TAMS 0x00000007a3600000, 0x00000007a3600000| Untracked 
|  55|0x00000007a3700000, 0x00000007a3700000, 0x00000007a3800000|  0%| F|  |TAMS 0x00000007a3700000, 0x00000007a3700000| Untracked 
|  56|0x00000007a3800000, 0x00000007a3800000, 0x00000007a3900000|  0%| F|  |TAMS 0x00000007a3800000, 0x00000007a3800000| Untracked 
|  57|0x00000007a3900000, 0x00000007a3900000, 0x00000007a3a00000|  0%| F|  |TAMS 0x00000007a3900000, 0x00000007a3900000| Untracked 
|  58|0x00000007a3a00000, 0x00000007a3a00000, 0x00000007a3b00000|  0%| F|  |TAMS 0x00000007a3a00000, 0x00000007a3a00000| Untracked 
|  59|0x00000007a3b00000, 0x00000007a3b00000, 0x00000007a3c00000|  0%| F|  |TAMS 0x00000007a3b00000, 0x00000007a3b00000| Untracked 
|  60|0x00000007a3c00000, 0x00000007a3c00000, 0x00000007a3d00000|  0%| F|  |TAMS 0x00000007a3c00000, 0x00000007a3c00000| Untracked 
|  61|0x00000007a3d00000, 0x00000007a3d00000, 0x00000007a3e00000|  0%| F|  |TAMS 0x00000007a3d00000, 0x00000007a3d00000| Untracked 
|  62|0x00000007a3e00000, 0x00000007a3e00000, 0x00000007a3f00000|  0%| F|  |TAMS 0x00000007a3e00000, 0x00000007a3e00000| Untracked 
|  63|0x00000007a3f00000, 0x00000007a3f00000, 0x00000007a4000000|  0%| F|  |TAMS 0x00000007a3f00000, 0x00000007a3f00000| Untracked 
|  64|0x00000007a4000000, 0x00000007a4000000, 0x00000007a4100000|  0%| F|  |TAMS 0x00000007a4000000, 0x00000007a4000000| Untracked 
|  65|0x00000007a4100000, 0x00000007a4100000, 0x00000007a4200000|  0%| F|  |TAMS 0x00000007a4100000, 0x00000007a4100000| Untracked 
|  66|0x00000007a4200000, 0x00000007a4200000, 0x00000007a4300000|  0%| F|  |TAMS 0x00000007a4200000, 0x00000007a4200000| Untracked 
|  67|0x00000007a4300000, 0x00000007a4300000, 0x00000007a4400000|  0%| F|  |TAMS 0x00000007a4300000, 0x00000007a4300000| Untracked 
|  68|0x00000007a4400000, 0x00000007a4400000, 0x00000007a4500000|  0%| F|  |TAMS 0x00000007a4400000, 0x00000007a4400000| Untracked 
|  69|0x00000007a4500000, 0x00000007a4500000, 0x00000007a4600000|  0%| F|  |TAMS 0x00000007a4500000, 0x00000007a4500000| Untracked 
|  70|0x00000007a4600000, 0x00000007a4600000, 0x00000007a4700000|  0%| F|  |TAMS 0x00000007a4600000, 0x00000007a4600000| Untracked 
|  71|0x00000007a4700000, 0x00000007a4700000, 0x00000007a4800000|  0%| F|  |TAMS 0x00000007a4700000, 0x00000007a4700000| Untracked 
|  72|0x00000007a4800000, 0x00000007a4800000, 0x00000007a4900000|  0%| F|  |TAMS 0x00000007a4800000, 0x00000007a4800000| Untracked 
|  73|0x00000007a4900000, 0x00000007a4900000, 0x00000007a4a00000|  0%| F|  |TAMS 0x00000007a4900000, 0x00000007a4900000| Untracked 
|  74|0x00000007a4a00000, 0x00000007a4a00000, 0x00000007a4b00000|  0%| F|  |TAMS 0x00000007a4a00000, 0x00000007a4a00000| Untracked 
|  75|0x00000007a4b00000, 0x00000007a4b00000, 0x00000007a4c00000|  0%| F|  |TAMS 0x00000007a4b00000, 0x00000007a4b00000| Untracked 
|  76|0x00000007a4c00000, 0x00000007a4c00000, 0x00000007a4d00000|  0%| F|  |TAMS 0x00000007a4c00000, 0x00000007a4c00000| Untracked 
|  77|0x00000007a4d00000, 0x00000007a4d00000, 0x00000007a4e00000|  0%| F|  |TAMS 0x00000007a4d00000, 0x00000007a4d00000| Untracked 
|  78|0x00000007a4e00000, 0x00000007a4e00000, 0x00000007a4f00000|  0%| F|  |TAMS 0x00000007a4e00000, 0x00000007a4e00000| Untracked 
|  79|0x00000007a4f00000, 0x00000007a4f00000, 0x00000007a5000000|  0%| F|  |TAMS 0x00000007a4f00000, 0x00000007a4f00000| Untracked 
|  80|0x00000007a5000000, 0x00000007a5100000, 0x00000007a5100000|100%| E|CS|TAMS 0x00000007a5000000, 0x00000007a5000000| Complete 
|  81|0x00000007a5100000, 0x00000007a5200000, 0x00000007a5200000|100%| E|CS|TAMS 0x00000007a5100000, 0x00000007a5100000| Complete 
|  82|0x00000007a5200000, 0x00000007a5200000, 0x00000007a5300000|  0%| F|  |TAMS 0x00000007a5200000, 0x00000007a5200000| Untracked 
|  83|0x00000007a5300000, 0x00000007a5300000, 0x00000007a5400000|  0%| F|  |TAMS 0x00000007a5300000, 0x00000007a5300000| Untracked 
|  84|0x00000007a5400000, 0x00000007a5400000, 0x00000007a5500000|  0%| F|  |TAMS 0x00000007a5400000, 0x00000007a5400000| Untracked 
|  85|0x00000007a5500000, 0x00000007a5500000, 0x00000007a5600000|  0%| F|  |TAMS 0x00000007a5500000, 0x00000007a5500000| Untracked 
|  86|0x00000007a5600000, 0x00000007a5600000, 0x00000007a5700000|  0%| F|  |TAMS 0x00000007a5600000, 0x00000007a5600000| Untracked 
|  87|0x00000007a5700000, 0x00000007a5700000, 0x00000007a5800000|  0%| F|  |TAMS 0x00000007a5700000, 0x00000007a5700000| Untracked 
|  88|0x00000007a5800000, 0x00000007a588c160, 0x00000007a5900000| 54%| S|  |TAMS 0x00000007a5800000, 0x00000007a5800000| Complete 
|  89|0x00000007a5900000, 0x00000007a5a00000, 0x00000007a5a00000|100%| E|CS|TAMS 0x00000007a5900000, 0x00000007a5900000| Complete 
|  90|0x00000007a5a00000, 0x00000007a5b00000, 0x00000007a5b00000|100%| E|CS|TAMS 0x00000007a5a00000, 0x00000007a5a00000| Complete 
|  91|0x00000007a5b00000, 0x00000007a5c00000, 0x00000007a5c00000|100%| E|CS|TAMS 0x00000007a5b00000, 0x00000007a5b00000| Complete 
|  92|0x00000007a5c00000, 0x00000007a5d00000, 0x00000007a5d00000|100%| E|CS|TAMS 0x00000007a5c00000, 0x00000007a5c00000| Complete 
|  93|0x00000007a5d00000, 0x00000007a5e00000, 0x00000007a5e00000|100%| E|CS|TAMS 0x00000007a5d00000, 0x00000007a5d00000| Complete 
|  94|0x00000007a5e00000, 0x00000007a5f00000, 0x00000007a5f00000|100%| E|CS|TAMS 0x00000007a5e00000, 0x00000007a5e00000| Complete 
|  95|0x00000007a5f00000, 0x00000007a6000000, 0x00000007a6000000|100%| E|CS|TAMS 0x00000007a5f00000, 0x00000007a5f00000| Complete 

Card table byte_map: [0x000000010b6d9000,0x000000010b9d9000] _byte_map_base: 0x00000001079d9000

Marking Bits (Prev, Next): (CMBitMap*) 0x00007ff3ce038018, (CMBitMap*) 0x00007ff3ce038050
 Prev Bits: [0x000000010bcd9000, 0x000000010d4d9000)
 Next Bits: [0x000000011d00f000, 0x000000011e80f000)

Polling page: 0x00000001056af000

Metaspace:

Usage:
  Non-class:      7.50 MB capacity,     7.40 MB ( 99%) used,    91.54 KB (  1%) free+waste,     5.69 KB ( <1%) overhead. 
      Class:    742.00 KB capacity,   703.61 KB ( 95%) used,    36.08 KB (  5%) free+waste,     2.31 KB ( <1%) overhead. 
       Both:      8.22 MB capacity,     8.09 MB ( 98%) used,   127.62 KB (  2%) free+waste,     8.00 KB ( <1%) overhead. 

Virtual space:
  Non-class space:        8.00 MB reserved,       7.75 MB ( 97%) committed 
      Class space:        1.00 GB reserved,     768.00 KB ( <1%) committed 
             Both:        1.01 GB reserved,       8.50 MB ( <1%) committed 

Chunk freelists:
   Non-Class:  6.00 KB
       Class:  26.00 KB
        Both:  32.00 KB

MaxMetaspaceSize: unlimited
CompressedClassSpaceSize: 1.00 GB

CodeHeap 'non-profiled nmethods': size=120032Kb used=234Kb max_used=234Kb free=119798Kb
 bounds [0x0000000115ad7000, 0x0000000115d47000, 0x000000011d00f000]
CodeHeap 'profiled nmethods': size=120032Kb used=1188Kb max_used=1188Kb free=118843Kb
 bounds [0x000000010e59f000, 0x000000010e80f000, 0x0000000115ad7000]
CodeHeap 'non-nmethods': size=5696Kb used=1056Kb max_used=1070Kb free=4639Kb
 bounds [0x000000010e00f000, 0x000000010e27f000, 0x000000010e59f000]
 total_blobs=1233 nmethods=674 adapters=263
 compilation: enabled
              stopped_count=0, restarted_count=0
 full_count=0

Compilation events (20 events):
Event: 1.902 Thread 0x00007ff3ce85c000 nmethod 668 0x000000010e6c4910 code [0x000000010e6c4b00, 0x000000010e6c4eb8]
Event: 1.902 Thread 0x00007ff3ce85c000  669       3       java.util.Locale::getDefault (4 bytes)
Event: 1.902 Thread 0x00007ff3ce85c000 nmethod 669 0x000000010e6c5010 code [0x000000010e6c51c0, 0x000000010e6c5310]
Event: 1.911 Thread 0x00007ff3ce003800  673       4       java.lang.String::substring (58 bytes)
Event: 1.920 Thread 0x00007ff3ce003800 nmethod 673 0x0000000115b10c90 code [0x0000000115b10e40, 0x0000000115b112f8]
Event: 1.921 Thread 0x00007ff3ce003800  677       4       java.lang.AbstractStringBuilder::isLatin1 (19 bytes)
Event: 1.923 Thread 0x00007ff3ce85c000  672       3       java.time.LocalDate::isLeapYear (12 bytes)
Event: 1.924 Thread 0x00007ff3ce85c000 nmethod 672 0x000000010e6c5390 code [0x000000010e6c5540, 0x000000010e6c56e8]
Event: 1.924 Thread 0x00007ff3ce85c000  676       3       java.io.FilterInputStream::<init> (10 bytes)
Event: 1.924 Thread 0x00007ff3ce85c000 nmethod 676 0x000000010e6c5790 code [0x000000010e6c5960, 0x000000010e6c5bd0]
Event: 1.924 Thread 0x00007ff3ce85c000  674       3       java.lang.ClassLoader::getClassLoadingLock (35 bytes)
Event: 1.925 Thread 0x00007ff3ce85c000 nmethod 674 0x000000010e6c5c90 code [0x000000010e6c5e60, 0x000000010e6c61c8]
Event: 1.925 Thread 0x00007ff3ce85c000  675       3       java.lang.ClassLoader::findLoadedClass (16 bytes)
Event: 1.925 Thread 0x00007ff3ce85c000 nmethod 675 0x000000010e6c6310 code [0x000000010e6c64e0, 0x000000010e6c6718]
Event: 1.925 Thread 0x00007ff3ce85c000  670       3       java.lang.String::concat (115 bytes)
Event: 1.934 Thread 0x00007ff3ce85c000 nmethod 670 0x000000010e6c6810 code [0x000000010e6c6ac0, 0x000000010e6c77c8]
Event: 1.934 Thread 0x00007ff3ce85c000  671       3       java.lang.Boolean::valueOf (14 bytes)
Event: 1.934 Thread 0x00007ff3ce85c000 nmethod 671 0x000000010e6c7c90 code [0x000000010e6c7e40, 0x000000010e6c7ff0]
Event: 1.939 Thread 0x00007ff3ce003800 nmethod 677 0x0000000115b11590 code [0x0000000115b11720, 0x0000000115b11798]
Event: 1.959 Thread 0x00007ff3ce85c000  679       3       org.springframework.boot.loader.jar.JarFileEntries::getEntryData (71 bytes)

GC Heap History (3 events):
Event: 1.661 GC heap before
{Heap before GC invocations=0 (full 0):
 garbage-first heap   total 98304K, used 13312K [0x00000007a0000000, 0x0000000800000000)
  region size 1024K, 14 young (14336K), 0 survivors (0K)
 Metaspace       used 7879K, capacity 8100K, committed 8192K, reserved 1056768K
  class space    used 668K, capacity 742K, committed 768K, reserved 1048576K
}
Event: 1.671 GC heap after
{Heap after GC invocations=1 (full 0):
 garbage-first heap   total 98304K, used 3641K [0x00000007a0000000, 0x0000000800000000)
  region size 1024K, 2 young (2048K), 2 survivors (2048K)
 Metaspace       used 7879K, capacity 8100K, committed 8192K, reserved 1056768K
  class space    used 668K, capacity 742K, committed 768K, reserved 1048576K
}
Event: 1.959 GC heap before
{Heap before GC invocations=1 (full 0):
 garbage-first heap   total 98304K, used 10809K [0x00000007a0000000, 0x0000000800000000)
  region size 1024K, 9 young (9216K), 2 survivors (2048K)
 Metaspace       used 8284K, capacity 8420K, committed 8704K, reserved 1056768K
  class space    used 703K, capacity 742K, committed 768K, reserved 1048576K
}

Deoptimization events (20 events):
Event: 1.290 Thread 0x00007ff3ce01c800 DEOPT PACKING pc=0x000000010e5e6c6f sp=0x00007000083aa180
Event: 1.290 Thread 0x00007ff3ce01c800 DEOPT UNPACKING pc=0x000000010e03773a sp=0x00007000083a9628 mode 0
Event: 1.370 Thread 0x00007ff3ce01c800 DEOPT PACKING pc=0x000000010e638588 sp=0x00007000083ae180
Event: 1.370 Thread 0x00007ff3ce01c800 DEOPT UNPACKING pc=0x000000010e03773a sp=0x00007000083ad5f0 mode 0
Event: 1.389 Thread 0x00007ff3ce01c800 DEOPT PACKING pc=0x000000010e638588 sp=0x00007000083ae1e0
Event: 1.389 Thread 0x00007ff3ce01c800 DEOPT UNPACKING pc=0x000000010e03773a sp=0x00007000083ad650 mode 0
Event: 1.389 Thread 0x00007ff3ce01c800 DEOPT PACKING pc=0x000000010e638588 sp=0x00007000083ae060
Event: 1.389 Thread 0x00007ff3ce01c800 DEOPT UNPACKING pc=0x000000010e03773a sp=0x00007000083ad4d0 mode 0
Event: 1.415 Thread 0x00007ff3ce01c800 DEOPT PACKING pc=0x000000010e638588 sp=0x00007000083ae1f0
Event: 1.415 Thread 0x00007ff3ce01c800 DEOPT UNPACKING pc=0x000000010e03773a sp=0x00007000083ad660 mode 0
Event: 1.418 Thread 0x00007ff3ce01c800 DEOPT PACKING pc=0x000000010e638588 sp=0x00007000083ae1f0
Event: 1.418 Thread 0x00007ff3ce01c800 DEOPT UNPACKING pc=0x000000010e03773a sp=0x00007000083ad660 mode 0
Event: 1.420 Thread 0x00007ff3ce01c800 DEOPT PACKING pc=0x000000010e638588 sp=0x00007000083ae1f0
Event: 1.420 Thread 0x00007ff3ce01c800 DEOPT UNPACKING pc=0x000000010e03773a sp=0x00007000083ad660 mode 0
Event: 1.454 Thread 0x00007ff3ce01c800 Uncommon trap: trap_request=0xffffff4d fr.pc=0x0000000115b0119c relative=0x00000000000004dc
Event: 1.454 Thread 0x00007ff3ce01c800 Uncommon trap: reason=unstable_if action=reinterpret pc=0x0000000115b0119c method=java.util.jar.Manifest$FastInputStream.readLine([BII)I @ 130 c2
Event: 1.454 Thread 0x00007ff3ce01c800 DEOPT PACKING pc=0x0000000115b0119c sp=0x00007000083a8450
Event: 1.454 Thread 0x00007ff3ce01c800 DEOPT UNPACKING pc=0x000000010e037925 sp=0x00007000083a83e0 mode 2
Event: 1.782 Thread 0x00007ff3ce01c800 DEOPT PACKING pc=0x000000010e5bcc0b sp=0x00007000083ada20
Event: 1.782 Thread 0x00007ff3ce01c800 DEOPT UNPACKING pc=0x000000010e03773a sp=0x00007000083acee0 mode 0

Classes redefined (0 events):
No events

Internal exceptions (1 events):
Event: 0.472 Thread 0x00007ff3ce01c800 Exception <a 'java/lang/NoSuchMethodError'{0x00000007a5e8ddf0}: 'int java.lang.invoke.DirectMethodHandle$Holder.invokeSpecialIFC(java.lang.Object, java.lang.Object, int)'> (0x00000007a5e8ddf0) thrown at [./src/hotspot/share/interpreter/linkResolver.cpp, line 773]

Events (20 events):
Event: 1.889 loading class java/net/HttpURLConnection done
Event: 1.891 loading class org/slf4j/impl/StaticLoggerBinder
Event: 1.891 loading class org/slf4j/impl/StaticLoggerBinder done
Event: 1.901 loading class org/slf4j/spi/LoggerFactoryBinder
Event: 1.901 loading class org/slf4j/spi/LoggerFactoryBinder done
Event: 1.905 loading class ch/qos/logback/core/joran/spi/JoranException
Event: 1.905 loading class ch/qos/logback/core/joran/spi/JoranException done
Event: 1.907 loading class ch/qos/logback/core/Context
Event: 1.907 loading class ch/qos/logback/core/Context done
Event: 1.908 loading class ch/qos/logback/core/spi/PropertyContainer
Event: 1.908 loading class ch/qos/logback/core/spi/PropertyContainer done
Event: 1.909 loading class ch/qos/logback/classic/LoggerContext
Event: 1.909 loading class ch/qos/logback/classic/LoggerContext done
Event: 1.910 loading class ch/qos/logback/core/spi/LifeCycle
Event: 1.910 loading class ch/qos/logback/core/spi/LifeCycle done
Event: 1.911 loading class ch/qos/logback/core/ContextBase
Event: 1.911 loading class ch/qos/logback/core/ContextBase done
Event: 1.958 loading class ch/qos/logback/core/status/StatusManager
Event: 1.958 loading class ch/qos/logback/core/status/StatusManager done
Event: 1.959 Executing VM operation: G1CollectForAllocation


Dynamic libraries:
0x00007fff4fd4b000 	/System/Library/Frameworks/Cocoa.framework/Versions/A/Cocoa
0x00007fff5bffa000 	/System/Library/Frameworks/Security.framework/Versions/A/Security
0x00007fff4e955000 	/System/Library/Frameworks/ApplicationServices.framework/Versions/A/ApplicationServices
0x00007fff7d4e3000 	/usr/lib/libz.1.dylib
0x000000010561c000 	/Applications/IntelliJ IDEA CE.app/Contents/jbr/Contents/Home/lib/jli/libjli.dylib
0x00007fff7aae1000 	/usr/lib/libSystem.B.dylib
0x00007fff4dae4000 	/System/Library/Frameworks/AppKit.framework/Versions/C/AppKit
0x00007fff500e2000 	/System/Library/Frameworks/CoreData.framework/Versions/A/CoreData
0x00007fff52918000 	/System/Library/Frameworks/Foundation.framework/Versions/C/Foundation
0x00007fff73cd3000 	/System/Library/PrivateFrameworks/RemoteViewServices.framework/Versions/A/RemoteViewServices
0x00007fff787bc000 	/System/Library/PrivateFrameworks/UIFoundation.framework/Versions/A/UIFoundation
0x00007fff79f68000 	/System/Library/PrivateFrameworks/XCTTargetBootstrap.framework/Versions/A/XCTTargetBootstrap
0x00007fff6e832000 	/System/Library/PrivateFrameworks/IconServices.framework/Versions/A/IconServices
0x00007fff551c0000 	/System/Library/Frameworks/Metal.framework/Versions/A/Metal
0x00007fff65ac4000 	/System/Library/PrivateFrameworks/DesktopServicesPriv.framework/Versions/A/DesktopServicesPriv
0x00007fff7b91c000 	/usr/lib/libenergytrace.dylib
0x00007fff76535000 	/System/Library/PrivateFrameworks/SkyLight.framework/Versions/A/SkyLight
0x00007fff509cd000 	/System/Library/Frameworks/CoreGraphics.framework/Versions/A/CoreGraphics
0x00007fff4c6b6000 	/System/Library/Frameworks/Accelerate.framework/Versions/A/Accelerate
0x00007fff5309e000 	/System/Library/Frameworks/IOSurface.framework/Versions/A/IOSurface
0x00007fff65926000 	/System/Library/PrivateFrameworks/DFRFoundation.framework/Versions/A/DFRFoundation
0x00007fff4ee5a000 	/System/Library/Frameworks/AudioToolbox.framework/Versions/A/AudioToolbox
0x00007fff4f0f8000 	/System/Library/Frameworks/AudioUnit.framework/Versions/A/AudioUnit
0x00007fff659bd000 	/System/Library/PrivateFrameworks/DataDetectorsCore.framework/Versions/A/DataDetectorsCore
0x00007fff4f837000 	/System/Library/Frameworks/Carbon.framework/Versions/A/Frameworks/HIToolbox.framework/Versions/A/HIToolbox
0x00007fff7ba77000 	/usr/lib/libicucore.A.dylib
0x00007fff5b556000 	/System/Library/Frameworks/QuartzCore.framework/Versions/A/QuartzCore
0x00007fff4fc1e000 	/System/Library/Frameworks/Carbon.framework/Versions/A/Frameworks/SpeechRecognition.framework/Versions/A/SpeechRecognition
0x00007fff7acc4000 	/usr/lib/libauto.dylib
0x00007fff7d3d6000 	/usr/lib/libxml2.2.dylib
0x00007fff6552b000 	/System/Library/PrivateFrameworks/CoreUI.framework/Versions/A/CoreUI
0x00007fff4ffc0000 	/System/Library/Frameworks/CoreAudio.framework/Versions/A/CoreAudio
0x00007fff5274a000 	/System/Library/Frameworks/DiskArbitration.framework/Versions/A/DiskArbitration
0x00007fff7bd27000 	/usr/lib/liblangid.dylib
0x00007fff6fcdc000 	/System/Library/PrivateFrameworks/MultitouchSupport.framework/Versions/A/MultitouchSupport
0x00007fff5300b000 	/System/Library/Frameworks/IOKit.framework/Versions/A/IOKit
0x00007fff7a72f000 	/usr/lib/libDiagnosticMessagesClient.dylib
0x00007fff51855000 	/System/Library/Frameworks/CoreServices.framework/Versions/A/CoreServices
0x00007fff71a06000 	/System/Library/PrivateFrameworks/PerformanceAnalysis.framework/Versions/A/PerformanceAnalysis
0x00007fff5a6eb000 	/System/Library/Frameworks/OpenGL.framework/Versions/A/OpenGL
0x00007fff7c608000 	/usr/lib/libobjc.A.dylib
0x00007fff4fd59000 	/System/Library/Frameworks/ColorSync.framework/Versions/A/ColorSync
0x00007fff5057b000 	/System/Library/Frameworks/CoreFoundation.framework/Versions/A/CoreFoundation
0x00007fff51079000 	/System/Library/Frameworks/CoreImage.framework/Versions/A/CoreImage
0x00007fff52293000 	/System/Library/Frameworks/CoreText.framework/Versions/A/CoreText
0x00007fff530ff000 	/System/Library/Frameworks/ImageIO.framework/Versions/A/ImageIO
0x00007fff61ba1000 	/System/Library/PrivateFrameworks/Backup.framework/Versions/A/Backup
0x00007fff7ab97000 	/usr/lib/libarchive.2.dylib
0x00007fff4f45c000 	/System/Library/Frameworks/CFNetwork.framework/Versions/A/CFNetwork
0x00007fff5c7a3000 	/System/Library/Frameworks/SystemConfiguration.framework/Versions/A/SystemConfiguration
0x00007fff7a658000 	/usr/lib/libCRFSuite.dylib
0x00007fff7adbc000 	/usr/lib/libc++.1.dylib
0x00007fff7ae14000 	/usr/lib/libc++abi.dylib
0x00007fff7d566000 	/usr/lib/system/libcache.dylib
0x00007fff7d56b000 	/usr/lib/system/libcommonCrypto.dylib
0x00007fff7d576000 	/usr/lib/system/libcompiler_rt.dylib
0x00007fff7d57e000 	/usr/lib/system/libcopyfile.dylib
0x00007fff7d588000 	/usr/lib/system/libcorecrypto.dylib
0x00007fff7d692000 	/usr/lib/system/libdispatch.dylib
0x00007fff7d6cd000 	/usr/lib/system/libdyld.dylib
0x00007fff7d6fd000 	/usr/lib/system/libkeymgr.dylib
0x00007fff7d70b000 	/usr/lib/system/liblaunch.dylib
0x00007fff7d70c000 	/usr/lib/system/libmacho.dylib
0x00007fff7d712000 	/usr/lib/system/libquarantine.dylib
0x00007fff7d715000 	/usr/lib/system/libremovefile.dylib
0x00007fff7d717000 	/usr/lib/system/libsystem_asl.dylib
0x00007fff7d72f000 	/usr/lib/system/libsystem_blocks.dylib
0x00007fff7d730000 	/usr/lib/system/libsystem_c.dylib
0x00007fff7d7b9000 	/usr/lib/system/libsystem_configuration.dylib
0x00007fff7d7bd000 	/usr/lib/system/libsystem_coreservices.dylib
0x00007fff7d7c1000 	/usr/lib/system/libsystem_darwin.dylib
0x00007fff7d7c8000 	/usr/lib/system/libsystem_dnssd.dylib
0x00007fff7d7cf000 	/usr/lib/system/libsystem_info.dylib
0x00007fff7d844000 	/usr/lib/system/libsystem_m.dylib
0x00007fff7d890000 	/usr/lib/system/libsystem_malloc.dylib
0x00007fff7d8b5000 	/usr/lib/system/libsystem_networkextension.dylib
0x00007fff7d8c1000 	/usr/lib/system/libsystem_notify.dylib
0x00007fff7d8de000 	/usr/lib/system/libsystem_sandbox.dylib
0x00007fff7d8e2000 	/usr/lib/system/libsystem_secinit.dylib
0x00007fff7d81c000 	/usr/lib/system/libsystem_kernel.dylib
0x00007fff7d8c9000 	/usr/lib/system/libsystem_platform.dylib
0x00007fff7d8d3000 	/usr/lib/system/libsystem_pthread.dylib
0x00007fff7d8e5000 	/usr/lib/system/libsystem_symptoms.dylib
0x00007fff7d8ed000 	/usr/lib/system/libsystem_trace.dylib
0x00007fff7d904000 	/usr/lib/system/libunwind.dylib
0x00007fff7d90a000 	/usr/lib/system/libxpc.dylib
0x00007fff7ad9c000 	/usr/lib/libbsm.0.dylib
0x00007fff7d6fe000 	/usr/lib/system/libkxld.dylib
0x00007fff60e5d000 	/System/Library/PrivateFrameworks/AppleFSCompression.framework/Versions/A/AppleFSCompression
0x00007fff7a9a0000 	/usr/lib/libOpenScriptingUtil.dylib
0x00007fff7b0ff000 	/usr/lib/libcoretls.dylib
0x00007fff7b116000 	/usr/lib/libcoretls_cfhelpers.dylib
0x00007fff7cda4000 	/usr/lib/libpam.2.dylib
0x00007fff7cf67000 	/usr/lib/libsqlite3.dylib
0x00007fff7d3c4000 	/usr/lib/libxar.1.dylib
0x00007fff7adad000 	/usr/lib/libbz2.1.0.dylib
0x00007fff7bd29000 	/usr/lib/liblzma.5.dylib
0x00007fff7c21f000 	/usr/lib/libnetwork.dylib
0x00007fff7ab80000 	/usr/lib/libapple_nghttp2.dylib
0x00007fff7cdab000 	/usr/lib/libpcap.A.dylib
0x00007fff51bf9000 	/System/Library/Frameworks/CoreServices.framework/Versions/A/Frameworks/FSEvents.framework/Versions/A/FSEvents
0x00007fff518d5000 	/System/Library/Frameworks/CoreServices.framework/Versions/A/Frameworks/CarbonCore.framework/Versions/A/CarbonCore
0x00007fff51dce000 	/System/Library/Frameworks/CoreServices.framework/Versions/A/Frameworks/Metadata.framework/Versions/A/Metadata
0x00007fff51e71000 	/System/Library/Frameworks/CoreServices.framework/Versions/A/Frameworks/OSServices.framework/Versions/A/OSServices
0x00007fff51ebd000 	/System/Library/Frameworks/CoreServices.framework/Versions/A/Frameworks/SearchKit.framework/Versions/A/SearchKit
0x00007fff51856000 	/System/Library/Frameworks/CoreServices.framework/Versions/A/Frameworks/AE.framework/Versions/A/AE
0x00007fff51c02000 	/System/Library/Frameworks/CoreServices.framework/Versions/A/Frameworks/LaunchServices.framework/Versions/A/LaunchServices
0x00007fff51bae000 	/System/Library/Frameworks/CoreServices.framework/Versions/A/Frameworks/DictionaryServices.framework/Versions/A/DictionaryServices
0x00007fff51f2c000 	/System/Library/Frameworks/CoreServices.framework/Versions/A/Frameworks/SharedFileList.framework/Versions/A/SharedFileList
0x00007fff5667b000 	/System/Library/Frameworks/NetFS.framework/Versions/A/NetFS
0x00007fff6ff78000 	/System/Library/PrivateFrameworks/NetAuth.framework/Versions/A/NetAuth
0x00007fff7a39c000 	/System/Library/PrivateFrameworks/login.framework/Versions/A/Frameworks/loginsupport.framework/Versions/A/loginsupport
0x00007fff783b8000 	/System/Library/PrivateFrameworks/TCC.framework/Versions/A/TCC
0x00007fff64b53000 	/System/Library/PrivateFrameworks/CoreNLP.framework/Versions/A/CoreNLP
0x00007fff6f9ce000 	/System/Library/PrivateFrameworks/MetadataUtilities.framework/Versions/A/MetadataUtilities
0x00007fff7be0a000 	/usr/lib/libmecabra.dylib
0x00007fff4e956000 	/System/Library/Frameworks/ApplicationServices.framework/Versions/A/Frameworks/ATS.framework/Versions/A/ATS
0x00007fff4ecc1000 	/System/Library/Frameworks/ApplicationServices.framework/Versions/A/Frameworks/ColorSyncLegacy.framework/Versions/A/ColorSyncLegacy
0x00007fff4ed62000 	/System/Library/Frameworks/ApplicationServices.framework/Versions/A/Frameworks/HIServices.framework/Versions/A/HIServices
0x00007fff4edb5000 	/System/Library/Frameworks/ApplicationServices.framework/Versions/A/Frameworks/LangAnalysis.framework/Versions/A/LangAnalysis
0x00007fff4edc4000 	/System/Library/Frameworks/ApplicationServices.framework/Versions/A/Frameworks/PrintCore.framework/Versions/A/PrintCore
0x00007fff4ee11000 	/System/Library/Frameworks/ApplicationServices.framework/Versions/A/Frameworks/QD.framework/Versions/A/QD
0x00007fff4ee4d000 	/System/Library/Frameworks/ApplicationServices.framework/Versions/A/Frameworks/SpeechSynthesis.framework/Versions/A/SpeechSynthesis
0x00007fff7ae3c000 	/usr/lib/libcompression.dylib
0x00007fff50491000 	/System/Library/Frameworks/CoreDisplay.framework/Versions/A/CoreDisplay
0x00007fff5547c000 	/System/Library/Frameworks/MetalPerformanceShaders.framework/Versions/A/MetalPerformanceShaders
0x00007fff4c6ce000 	/System/Library/Frameworks/Accelerate.framework/Versions/A/Frameworks/vImage.framework/Versions/A/vImage
0x00007fff4d933000 	/System/Library/Frameworks/Accelerate.framework/Versions/A/Frameworks/vecLib.framework/Versions/A/vecLib
0x00007fff4d7bb000 	/System/Library/Frameworks/Accelerate.framework/Versions/A/Frameworks/vecLib.framework/Versions/A/libvMisc.dylib
0x00007fff4d61c000 	/System/Library/Frameworks/Accelerate.framework/Versions/A/Frameworks/vecLib.framework/Versions/A/libvDSP.dylib
0x00007fff4cfc3000 	/System/Library/Frameworks/Accelerate.framework/Versions/A/Frameworks/vecLib.framework/Versions/A/libBLAS.dylib
0x00007fff4d1b5000 	/System/Library/Frameworks/Accelerate.framework/Versions/A/Frameworks/vecLib.framework/Versions/A/libLAPACK.dylib
0x00007fff4d56f000 	/System/Library/Frameworks/Accelerate.framework/Versions/A/Frameworks/vecLib.framework/Versions/A/libLinearAlgebra.dylib
0x00007fff4d609000 	/System/Library/Frameworks/Accelerate.framework/Versions/A/Frameworks/vecLib.framework/Versions/A/libSparseBLAS.dylib
0x00007fff4d585000 	/System/Library/Frameworks/Accelerate.framework/Versions/A/Frameworks/vecLib.framework/Versions/A/libQuadrature.dylib
0x00007fff4d16f000 	/System/Library/Frameworks/Accelerate.framework/Versions/A/Frameworks/vecLib.framework/Versions/A/libBNNS.dylib
0x00007fff4d58b000 	/System/Library/Frameworks/Accelerate.framework/Versions/A/Frameworks/vecLib.framework/Versions/A/libSparse.dylib
0x00007fff6c051000 	/System/Library/PrivateFrameworks/GPUWrangler.framework/Versions/A/GPUWrangler
0x00007fff6e3fb000 	/System/Library/PrivateFrameworks/IOAccelerator.framework/Versions/A/IOAccelerator
0x00007fff6e406000 	/System/Library/PrivateFrameworks/IOPresentment.framework/Versions/A/IOPresentment
0x00007fff65936000 	/System/Library/PrivateFrameworks/DSExternalDisplay.framework/Versions/A/DSExternalDisplay
0x00007fff59b30000 	/System/Library/Frameworks/OpenGL.framework/Versions/A/Libraries/libCoreFSCache.dylib
0x00007fff55270000 	/System/Library/Frameworks/MetalPerformanceShaders.framework/Frameworks/MPSCore.framework/Versions/A/MPSCore
0x00007fff55291000 	/System/Library/Frameworks/MetalPerformanceShaders.framework/Frameworks/MPSImage.framework/Versions/A/MPSImage
0x00007fff55338000 	/System/Library/Frameworks/MetalPerformanceShaders.framework/Frameworks/MPSNeuralNetwork.framework/Versions/A/MPSNeuralNetwork
0x00007fff5530f000 	/System/Library/Frameworks/MetalPerformanceShaders.framework/Frameworks/MPSMatrix.framework/Versions/A/MPSMatrix
0x00007fff55460000 	/System/Library/Frameworks/MetalPerformanceShaders.framework/Frameworks/MPSRayIntersector.framework/Versions/A/MPSRayIntersector
0x00007fff6f9f7000 	/System/Library/PrivateFrameworks/MetalTools.framework/Versions/A/MetalTools
0x00007fff60559000 	/System/Library/PrivateFrameworks/AggregateDictionary.framework/Versions/A/AggregateDictionary
0x00007fff7a980000 	/usr/lib/libMobileGestalt.dylib
0x00007fff523f9000 	/System/Library/Frameworks/CoreVideo.framework/Versions/A/CoreVideo
0x00007fff6ceb5000 	/System/Library/PrivateFrameworks/GraphVisualizer.framework/Versions/A/GraphVisualizer
0x00007fff66c61000 	/System/Library/PrivateFrameworks/FaceCore.framework/Versions/A/FaceCore
0x00007fff59147000 	/System/Library/Frameworks/OpenCL.framework/Versions/A/OpenCL
0x00007fff7a767000 	/usr/lib/libFosl_dynamic.dylib
0x00007fff7084d000 	/System/Library/PrivateFrameworks/OTSVG.framework/Versions/A/OTSVG
0x00007fff4ea5a000 	/System/Library/Frameworks/ApplicationServices.framework/Versions/A/Frameworks/ATS.framework/Versions/A/Resources/libFontParser.dylib
0x00007fff4eb7a000 	/System/Library/Frameworks/ApplicationServices.framework/Versions/A/Frameworks/ATS.framework/Versions/A/Resources/libFontRegistry.dylib
0x00007fff53382000 	/System/Library/Frameworks/ImageIO.framework/Versions/A/Resources/libJPEG.dylib
0x00007fff536a5000 	/System/Library/Frameworks/ImageIO.framework/Versions/A/Resources/libTIFF.dylib
0x00007fff5367b000 	/System/Library/Frameworks/ImageIO.framework/Versions/A/Resources/libPng.dylib
0x00007fff53297000 	/System/Library/Frameworks/ImageIO.framework/Versions/A/Resources/libGIF.dylib
0x00007fff5329c000 	/System/Library/Frameworks/ImageIO.framework/Versions/A/Resources/libJP2.dylib
0x00007fff536a2000 	/System/Library/Frameworks/ImageIO.framework/Versions/A/Resources/libRadiance.dylib
0x00007fff60fb6000 	/System/Library/PrivateFrameworks/AppleJPEG.framework/Versions/A/AppleJPEG
0x00007fff59b3b000 	/System/Library/Frameworks/OpenGL.framework/Versions/A/Libraries/libGFXShared.dylib
0x00007fff59cfe000 	/System/Library/Frameworks/OpenGL.framework/Versions/A/Libraries/libGLU.dylib
0x00007fff59b44000 	/System/Library/Frameworks/OpenGL.framework/Versions/A/Libraries/libGL.dylib
0x00007fff59b50000 	/System/Library/Frameworks/OpenGL.framework/Versions/A/Libraries/libGLImage.dylib
0x00007fff59b2d000 	/System/Library/Frameworks/OpenGL.framework/Versions/A/Libraries/libCVMSPluginSupport.dylib
0x00007fff59b36000 	/System/Library/Frameworks/OpenGL.framework/Versions/A/Libraries/libCoreVMClient.dylib
0x00007fff7b78e000 	/usr/lib/libcups.2.dylib
0x00007fff54788000 	/System/Library/Frameworks/Kerberos.framework/Versions/A/Kerberos
0x00007fff52d57000 	/System/Library/Frameworks/GSS.framework/Versions/A/GSS
0x00007fff7cefb000 	/usr/lib/libresolv.9.dylib
0x00007fff7b985000 	/usr/lib/libiconv.2.dylib
0x00007fff6cfab000 	/System/Library/PrivateFrameworks/Heimdal.framework/Versions/A/Heimdal
0x00007fff7b954000 	/usr/lib/libheimdal-asn1.dylib
0x00007fff591be000 	/System/Library/Frameworks/OpenDirectory.framework/Versions/A/OpenDirectory
0x00007fff63864000 	/System/Library/PrivateFrameworks/CommonAuth.framework/Versions/A/CommonAuth
0x00007fff591a1000 	/System/Library/Frameworks/OpenDirectory.framework/Versions/A/Frameworks/CFOpenDirectory.framework/Versions/A/CFOpenDirectory
0x00007fff5c321000 	/System/Library/Frameworks/SecurityFoundation.framework/Versions/A/SecurityFoundation
0x00007fff5fa78000 	/System/Library/PrivateFrameworks/APFS.framework/Versions/A/APFS
0x00007fff7d3c0000 	/usr/lib/libutil.dylib
0x00007fff7ae2a000 	/usr/lib/libcharset.1.dylib
0x00007fff6124f000 	/System/Library/PrivateFrameworks/AppleSauce.framework/Versions/A/AppleSauce
0x00007fff613dd000 	/System/Library/PrivateFrameworks/AssertionServices.framework/Versions/A/AssertionServices
0x00007fff61c44000 	/System/Library/PrivateFrameworks/BaseBoard.framework/Versions/A/BaseBoard
0x00007fff7bd59000 	/usr/lib/libmecab.1.0.0.dylib
0x00007fff7b94e000 	/usr/lib/libgermantok.dylib
0x00007fff7ab6c000 	/usr/lib/libThaiTokenizer.dylib
0x00007fff7a693000 	/usr/lib/libChineseTokenizer.dylib
0x00007fff6eb2e000 	/System/Library/PrivateFrameworks/LanguageModeling.framework/Versions/A/LanguageModeling
0x00007fff6456a000 	/System/Library/PrivateFrameworks/CoreEmoji.framework/Versions/A/CoreEmoji
0x00007fff6ec26000 	/System/Library/PrivateFrameworks/Lexicon.framework/Versions/A/Lexicon
0x00007fff6ec6e000 	/System/Library/PrivateFrameworks/LinguisticData.framework/Versions/A/LinguisticData
0x00007fff7ae2b000 	/usr/lib/libcmph.dylib
0x00007fff5c3e2000 	/System/Library/Frameworks/ServiceManagement.framework/Versions/A/ServiceManagement
0x00007fff61b97000 	/System/Library/PrivateFrameworks/BackgroundTaskManagement.framework/Versions/A/BackgroundTaskManagement
0x00007fff7d4ba000 	/usr/lib/libxslt.1.dylib
0x00007fff4fb49000 	/System/Library/Frameworks/Carbon.framework/Versions/A/Frameworks/Ink.framework/Versions/A/Ink
0x00007fff78634000 	/System/Library/PrivateFrameworks/TextureIO.framework/Versions/A/TextureIO
0x00007fff7abc1000 	/usr/lib/libate.dylib
0x00007fff65892000 	/System/Library/PrivateFrameworks/CrashReporterSupport.framework/Versions/A/CrashReporterSupport
0x00007fff75664000 	/System/Library/PrivateFrameworks/Sharing.framework/Versions/A/Sharing
0x00007fff61723000 	/System/Library/PrivateFrameworks/AuthKit.framework/Versions/A/AuthKit
0x00007fff60b55000 	/System/Library/PrivateFrameworks/Apple80211.framework/Versions/A/Apple80211
0x00007fff65658000 	/System/Library/PrivateFrameworks/CoreUtils.framework/Versions/A/CoreUtils
0x00007fff52437000 	/System/Library/Frameworks/CoreWLAN.framework/Versions/A/CoreWLAN
0x00007fff52ea0000 	/System/Library/Frameworks/IOBluetooth.framework/Versions/A/IOBluetooth
0x00007fff739ce000 	/System/Library/PrivateFrameworks/ProtocolBuffer.framework/Versions/A/ProtocolBuffer
0x00007fff6fc33000 	/System/Library/PrivateFrameworks/MobileKeyBag.framework/Versions/A/MobileKeyBag
0x00007fff64e80000 	/System/Library/PrivateFrameworks/CorePhoneNumbers.framework/Versions/A/CorePhoneNumbers
0x00007fff60f6a000 	/System/Library/PrivateFrameworks/AppleIDAuthSupport.framework/Versions/A/AppleIDAuthSupport
0x00007fff6eb00000 	/System/Library/PrivateFrameworks/KeychainCircle.framework/Versions/A/KeychainCircle
0x00007fff73b9b000 	/System/Library/PrivateFrameworks/ROCKit.framework/Versions/A/ROCKit
0x00007fff6582e000 	/System/Library/PrivateFrameworks/CoreWiFi.framework/Versions/A/CoreWiFi
0x00007fff500b6000 	/System/Library/Frameworks/CoreBluetooth.framework/Versions/A/CoreBluetooth
0x00007fff65a82000 	/System/Library/PrivateFrameworks/DebugSymbols.framework/Versions/A/DebugSymbols
0x00007fff6540d000 	/System/Library/PrivateFrameworks/CoreSymbolication.framework/Versions/A/CoreSymbolication
0x00007fff77e22000 	/System/Library/PrivateFrameworks/Symbolication.framework/Versions/A/Symbolication
0x00007fff76fb4000 	/System/Library/PrivateFrameworks/SpeechRecognitionCore.framework/Versions/A/SpeechRecognitionCore
0x0000000106000000 	/Applications/IntelliJ IDEA CE.app/Contents/jbr/Contents/Home/lib/server/libjvm.dylib
0x0000000105671000 	/Applications/IntelliJ IDEA CE.app/Contents/jbr/Contents/Home/lib/libverify.dylib
0x0000000105682000 	/Applications/IntelliJ IDEA CE.app/Contents/jbr/Contents/Home/lib/libjava.dylib
0x00000001056f9000 	/Applications/IntelliJ IDEA CE.app/Contents/jbr/Contents/Home/lib/libzip.dylib
0x0000000105706000 	/Applications/IntelliJ IDEA CE.app/Contents/jbr/Contents/Home/lib/libjimage.dylib
0x000000010d95d000 	/Applications/IntelliJ IDEA CE.app/Contents/jbr/Contents/Home/lib/libnio.dylib
0x000000010d970000 	/Applications/IntelliJ IDEA CE.app/Contents/jbr/Contents/Home/lib/./libnet.dylib


VM Arguments:
java_command: /Users/feriel/Library/Application Support/JetBrains/IdeaIC2020.1/plugins/idea-spring-tools/lib/server/language-server.jar
java_class_path (initial): /Users/feriel/Library/Application Support/JetBrains/IdeaIC2020.1/plugins/idea-spring-tools/lib/server/language-server.jar
Launcher Type: SUN_STANDARD

[Global flags]
     intx CICompilerCount                          = 3                                         {product} {ergonomic}
     uint ConcGCThreads                            = 1                                         {product} {ergonomic}
     uint G1ConcRefinementThreads                  = 4                                         {product} {ergonomic}
   size_t G1HeapRegionSize                         = 1048576                                   {product} {ergonomic}
    uintx GCDrainStackTargetSize                   = 64                                        {product} {ergonomic}
   size_t InitialHeapSize                          = 100663296                                 {product} {ergonomic}
   size_t MarkStackSize                            = 4194304                                   {product} {ergonomic}
   size_t MaxHeapSize                              = 1610612736                                {product} {ergonomic}
   size_t MaxNewSize                               = 965738496                                 {product} {ergonomic}
   size_t MinHeapDeltaBytes                        = 1048576                                   {product} {ergonomic}
    uintx NonNMethodCodeHeapSize                   = 5830732                                {pd product} {ergonomic}
    uintx NonProfiledCodeHeapSize                  = 122913754                              {pd product} {ergonomic}
    uintx ProfiledCodeHeapSize                     = 122913754                              {pd product} {ergonomic}
    uintx ReservedCodeCacheSize                    = 251658240                              {pd product} {ergonomic}
     bool SegmentedCodeCache                       = true                                      {product} {ergonomic}
     bool UseCompressedClassPointers               = true                                 {lp64_product} {ergonomic}
     bool UseCompressedOops                        = true                                 {lp64_product} {ergonomic}
     bool UseG1GC                                  = true                                      {product} {ergonomic}

Logging:
Log output configuration:
 #0: stdout all=warning uptime,level,tags
 #1: stderr all=off uptime,level,tags

Environment Variables:
PATH=/usr/bin:/bin:/usr/sbin:/sbin
SHELL=/bin/bash

Signal Handlers:
SIGSEGV: [libjvm.dylib+0x749d44], sa_mask[0]=11111111011111110111111111111111, sa_flags=SA_ONSTACK|SA_RESTART|SA_SIGINFO
SIGBUS: [libjvm.dylib+0x749d44], sa_mask[0]=11111111011111110111111111111111, sa_flags=SA_RESTART|SA_SIGINFO
SIGFPE: [libjvm.dylib+0x749d44], sa_mask[0]=11111111011111110111111111111111, sa_flags=SA_RESTART|SA_SIGINFO
SIGPIPE: [libjvm.dylib+0x5f8884], sa_mask[0]=11111111011111110111111111111111, sa_flags=SA_RESTART|SA_SIGINFO
SIGXFSZ: [libjvm.dylib+0x5f8884], sa_mask[0]=11111111011111110111111111111111, sa_flags=SA_RESTART|SA_SIGINFO
SIGILL: [libjvm.dylib+0x749d44], sa_mask[0]=11111111011111110111111111111111, sa_flags=SA_RESTART|SA_SIGINFO
SIGUSR2: [libjvm.dylib+0x5f8e69], sa_mask[0]=00100000000000000000000000000000, sa_flags=SA_RESTART|SA_SIGINFO
SIGHUP: [libjvm.dylib+0x5f799b], sa_mask[0]=11111111011111110111111111111111, sa_flags=SA_RESTART|SA_SIGINFO
SIGINT: [libjvm.dylib+0x5f799b], sa_mask[0]=11111111011111110111111111111111, sa_flags=SA_RESTART|SA_SIGINFO
SIGTERM: [libjvm.dylib+0x5f799b], sa_mask[0]=11111111011111110111111111111111, sa_flags=SA_RESTART|SA_SIGINFO
SIGQUIT: [libjvm.dylib+0x5f799b], sa_mask[0]=11111111011111110111111111111111, sa_flags=SA_RESTART|SA_SIGINFO


---------------  S Y S T E M  ---------------

OS:uname:Darwin 18.0.0 Darwin Kernel Version 18.0.0: Wed Aug 22 20:13:40 PDT 2018; root:xnu-4903.201.2~1/RELEASE_X86_64 x86_64
OS uptime: 0 days 5:20 hours
rlimit: STACK 8192k, CORE 0k, NPROC 709, NOFILE 10240, AS infinity, CPU infinity, DATA infinity, FSIZE infinity
load average:3.82 2.76 2.29

CPU:total 4 (initial active 4) (2 cores per cpu, 2 threads per core) family 6 model 58 stepping 9, cmov, cx8, fxsr, mmx, sse, sse2, sse3, ssse3, sse4.1, sse4.2, popcnt, avx, aes, clmul, erms, ht, tsc, tscinvbit, tscinv

Memory: 4k page, physical 6291456k(681644k free), swap 1048576k(862208k free)

vm_info: OpenJDK 64-Bit Server VM (11.0.7+10-b765.65) for bsd-amd64 JRE (11.0.7+10-b765.65), built on Jul 13 2020 05:50:39 by "builduser" with gcc 4.2.1 Compatible Apple LLVM 9.1.0 (clang-902.0.39.2)

END.
